Mono path[0] = 'E:/Games/game/MilkGame_Data/Managed'
Mono config path = 'E:/Games/game/MonoBleedingEdge/etc'
[Physics::Module] Initialized MultithreadedJobDispatcher with 19 workers.
Initialize engine version: 2022.3.20f1 (61c2feb0970d)
[Subsystems] Discovering subsystems at path E:/Games/game/MilkGame_Data/UnitySubsystems
GfxDevice: creating device client; threaded=1; jobified=1
Direct3D:
    Version:  Direct3D 11.0 [level 11.1]
    Renderer: NVIDIA GeForce GTX 1080 (ID=0x1b80)
    Vendor:   NVIDIA
    VRAM:     8059 MB
    Driver:   32.0.15.6094
Begin MonoManager ReloadAssembly
- Loaded All Assemblies, in  6.553 seconds
- Finished resetting the current domain, in  0.003 seconds
<RI> Initializing input.
New input system (experimental) initialized
Using Windows.Gaming.Input
<RI> Input initialized.
<RI> Initialized touch support.
UnloadTime: 1.045200 ms
Curl error 7: getsockname() failed with errno 10022: Invalid arguments
Curl error 7: getsockname() failed with errno 10022: Invalid arguments
Color primaries 0 is unknown or unsupported by WindowsMediaFoundation. Falling back to default may result in color shift. E:/Games/game/MilkGame_Data/resources.resource
Parent of RectTransform is being set with parent property. Consider using the SetParent method instead, with the worldPositionStays argument set to false. This will retain local orientation and scale rather than world orientation and scale, which can prevent common UI scaling issues.
Unloading 5 Unused Serialized files (Serialized files now loaded: 0)
Unloading 1714 unused Assets to reduce memory usage. Loaded Objects now: 5150.
Total: 556.921300 ms (FindLiveObjects: 2.467600 ms CreateObjectMapping: 0.358300 ms MarkObjects: 24.513300 ms  DeleteObjects: 529.581700 ms)

<color=#0099bc><b>DOTWEEN ► </b></color>Max Tweens reached: capacity has automatically been increased from 200/50 to 500/50. Use DOTween.SetTweensCapacity to set it manually at startup
<color=#0099bc><b>DOTWEEN ► </b></color>Max Tweens reached: capacity has automatically been increased from 500/50 to 1250/50. Use DOTween.SetTweensCapacity to set it manually at startup
First video frame not zero: 2 (0.083417s). Result may be out of sync. Please make sure tracks all start at 0 in E:/Games/game/MilkGame_Data/resources.resource
Material 'UIStorySelectBlur' with Shader 'UI/GradientBlurShader' doesn't have a texture property '_MainTex'
<color=#0099bc><b>DOTWEEN ► </b></color>This Tween has been killed and is now invalid
Unexpected timestamp values detected. This can occur in H.264 videos not encoded with the baseline profile. Timestamps will be skewed to correct the playback for E:/Games/game/MilkGame_Data/resources.resource
<color=#0099bc><b>DOTWEEN ► </b></color>This Tween has been killed and is now invalid
<color=#0099bc><b>DOTWEEN ► </b></color>This Tween has been killed and is now invalid
Material 'UIStorySelectBlur' with Shader 'UI/GradientBlurShader' doesn't have a texture property '_MainTex'
<color=#0099bc><b>DOTWEEN ► </b></color>This Tween has been killed and is now invalid
AudioSampleProvider buffer overflow. 2784 sample frames discarded.
AudioSampleProvider buffer overflow. 2784 sample frames discarded.
AudioSampleProvider buffer overflow. 2784 sample frames discarded.
AudioSampleProvider buffer overflow. 1728 sample frames discarded.
AudioSampleProvider buffer overflow. 1728 sample frames discarded.
AudioSampleProvider buffer overflow. 1728 sample frames discarded.
AudioSampleProvider buffer overflow. 2752 sample frames discarded.
AudioSampleProvider buffer overflow. 2752 sample frames discarded.
AudioSampleProvider buffer overflow. 2752 sample frames discarded.
AudioSampleProvider buffer overflow. 496 sample frames discarded.
AudioSampleProvider buffer overflow. 496 sample frames discarded.
AudioSampleProvider buffer overflow. 496 sample frames discarded.
AudioSampleProvider buffer overflow. 1088 sample frames discarded.
AudioSampleProvider buffer overflow. 1088 sample frames discarded.
AudioSampleProvider buffer overflow. 1088 sample frames discarded.
AudioSampleProvider buffer overflow. 224 sample frames discarded.
AudioSampleProvider buffer overflow. 48 sample frames discarded.
AudioSampleProvider buffer overflow. 48 sample frames discarded.
AudioSampleProvider buffer overflow. 272 sample frames discarded.
AudioSampleProvider buffer overflow. 424 sample frames discarded.
AudioSampleProvider buffer overflow. 424 sample frames discarded.
<color=#0099bc><b>DOTWEEN ► </b></color>This Tween has been killed and is now invalid
<color=#0099bc><b>DOTWEEN ► </b></color>This Tween has been killed and is now invalid
The character with Unicode value \u6190 was not found in the [Pretendard-SemiBold SDF] font asset or any potential fallbacks. It was replaced by Unicode character \u25A1 in text object [Text (TMP)].
<color=#0099bc><b>DOTWEEN ► </b></color>This Tween has been killed and is now invalid
<color=#0099bc><b>DOTWEEN ► </b></color>This Tween has been killed and is now invalid
<color=#0099bc><b>DOTWEEN ► </b></color>This Tween has been killed and is now invalid
<color=#0099bc><b>DOTWEEN ► </b></color>This Tween has been killed and is now invalid
<color=#0099bc><b>DOTWEEN ► </b></color>This Tween has been killed and is now invalid
<color=#0099bc><b>DOTWEEN ► </b></color>This Tween has been killed and is now invalid
<color=#0099bc><b>DOTWEEN ► </b></color>This Tween has been killed and is now invalid
<color=#0099bc><b>DOTWEEN ► </b></color>This Tween has been killed and is now invalid
<color=#0099bc><b>DOTWEEN ► </b></color>This Tween has been killed and is now invalid
<color=#0099bc><b>DOTWEEN ► </b></color>This Tween has been killed and is now invalid
<color=#0099bc><b>DOTWEEN ► </b></color>This Tween has been killed and is now invalid
<color=#0099bc><b>DOTWEEN ► </b></color>This Tween has been killed and is now invalid
<color=#0099bc><b>DOTWEEN ► </b></color>This Tween has been killed and is now invalid
<color=#0099bc><b>DOTWEEN ► </b></color>This Tween has been killed and is now invalid
<color=#0099bc><b>DOTWEEN ► </b></color>This Tween has been killed and is now invalid
<color=#0099bc><b>DOTWEEN ► </b></color>This Tween has been killed and is now invalid
<color=#0099bc><b>DOTWEEN ► </b></color>This Tween has been killed and is now invalid
<color=#0099bc><b>DOTWEEN ► </b></color>This Tween has been killed and is now invalid
<color=#0099bc><b>DOTWEEN ► </b></color>This Tween has been killed and is now invalid
<color=#0099bc><b>DOTWEEN ► </b></color>This Tween has been killed and is now invalid
<color=#0099bc><b>DOTWEEN ► </b></color>This Tween has been killed and is now invalid
<color=#0099bc><b>DOTWEEN ► </b></color>This Tween has been killed and is now invalid
<color=#0099bc><b>DOTWEEN ► </b></color>This Tween has been killed and is now invalid
<color=#0099bc><b>DOTWEEN ► </b></color>This Tween has been killed and is now invalid
<color=#0099bc><b>DOTWEEN ► </b></color>This Tween has been killed and is now invalid
The character with Unicode value \u6190 was not found in the [Pretendard-SemiBold SDF] font asset or any potential fallbacks. It was replaced by Unicode character \u25A1 in text object [Text (TMP)].
The character with Unicode value \u6190 was not found in the [Pretendard-SemiBold SDF] font asset or any potential fallbacks. It was replaced by Unicode character \u25A1 in text object [Text (TMP)].
The character with Unicode value \u6190 was not found in the [Pretendard-SemiBold SDF] font asset or any potential fallbacks. It was replaced by Unicode character \u25A1 in text object [Text (TMP)].
The character with Unicode value \u6190 was not found in the [Pretendard-SemiBold SDF] font asset or any potential fallbacks. It was replaced by Unicode character \u25A1 in text object [Text (TMP)].
The character with Unicode value \u6190 was not found in the [Pretendard-SemiBold SDF] font asset or any potential fallbacks. It was replaced by Unicode character \u25A1 in text object [Text (TMP)].
The character with Unicode value \u6190 was not found in the [Pretendard-SemiBold SDF] font asset or any potential fallbacks. It was replaced by Unicode character \u25A1 in text object [Text (TMP)].
The character with Unicode value \u6190 was not found in the [Pretendard-SemiBold SDF] font asset or any potential fallbacks. It was replaced by Unicode character \u25A1 in text object [Text (TMP)].
The character with Unicode value \u6190 was not found in the [Pretendard-SemiBold SDF] font asset or any potential fallbacks. It was replaced by Unicode character \u25A1 in text object [Text (TMP)].
<color=#0099bc><b>DOTWEEN ► </b></color>This Tween has been killed and is now invalid
The character with Unicode value \u6190 was not found in the [Pretendard-SemiBold SDF] font asset or any potential fallbacks. It was replaced by Unicode character \u25A1 in text object [Text (TMP)].
The character with Unicode value \u6190 was not found in the [Pretendard-SemiBold SDF] font asset or any potential fallbacks. It was replaced by Unicode character \u25A1 in text object [Text (TMP)].
The character with Unicode value \u6190 was not found in the [Pretendard-SemiBold SDF] font asset or any potential fallbacks. It was replaced by Unicode character \u25A1 in text object [Text (TMP)].
The character with Unicode value \u6190 was not found in the [Pretendard-SemiBold SDF] font asset or any potential fallbacks. It was replaced by Unicode character \u25A1 in text object [Text (TMP)].
The character with Unicode value \u6190 was not found in the [Pretendard-SemiBold SDF] font asset or any potential fallbacks. It was replaced by Unicode character \u25A1 in text object [Text (TMP)].
The character with Unicode value \u6190 was not found in the [Pretendard-SemiBold SDF] font asset or any potential fallbacks. It was replaced by Unicode character \u25A1 in text object [Text (TMP)].
The character with Unicode value \u6190 was not found in the [Pretendard-SemiBold SDF] font asset or any potential fallbacks. It was replaced by Unicode character \u25A1 in text object [Text (TMP)].
The character with Unicode value \u6190 was not found in the [Pretendard-SemiBold SDF] font asset or any potential fallbacks. It was replaced by Unicode character \u25A1 in text object [Text (TMP)].
The character with Unicode value \u6190 was not found in the [Pretendard-SemiBold SDF] font asset or any potential fallbacks. It was replaced by Unicode character \u25A1 in text object [Text (TMP)].
The character with Unicode value \u6190 was not found in the [Pretendard-SemiBold SDF] font asset or any potential fallbacks. It was replaced by Unicode character \u25A1 in text object [Text (TMP)].
The character with Unicode value \u6190 was not found in the [Pretendard-SemiBold SDF] font asset or any potential fallbacks. It was replaced by Unicode character \u25A1 in text object [Text (TMP)].
The character with Unicode value \u6190 was not found in the [Pretendard-SemiBold SDF] font asset or any potential fallbacks. It was replaced by Unicode character \u25A1 in text object [Text (TMP)].
The character with Unicode value \u6190 was not found in the [Pretendard-SemiBold SDF] font asset or any potential fallbacks. It was replaced by Unicode character \u25A1 in text object [Text (TMP)].
The character with Unicode value \u6190 was not found in the [Pretendard-SemiBold SDF] font asset or any potential fallbacks. It was replaced by Unicode character \u25A1 in text object [Text (TMP)].
<color=#0099bc><b>DOTWEEN ► </b></color>This Tween has been killed and is now invalid
<color=#0099bc><b>DOTWEEN ► </b></color>This Tween has been killed and is now invalid
<color=#0099bc><b>DOTWEEN ► </b></color>This Tween has been killed and is now invalid
<color=#0099bc><b>DOTWEEN ► </b></color>This Tween has been killed and is now invalid
<color=#0099bc><b>DOTWEEN ► </b></color>This Tween has been killed and is now invalid
<color=#0099bc><b>DOTWEEN ► </b></color>This Tween has been killed and is now invalid
<color=#0099bc><b>DOTWEEN ► </b></color>This Tween has been killed and is now invalid
<color=#0099bc><b>DOTWEEN ► </b></color>This Tween has been killed and is now invalid
<color=#0099bc><b>DOTWEEN ► </b></color>This Tween has been killed and is now invalid
<color=#0099bc><b>DOTWEEN ► </b></color>This Tween has been killed and is now invalid
The character with Unicode value \u6190 was not found in the [Pretendard-Medium SDF] font asset or any potential fallbacks. It was replaced by Unicode character \u25A1 in text object [Text_Preview].
The character with Unicode value \u6190 was not found in the [Pretendard-SemiBold SDF] font asset or any potential fallbacks. It was replaced by Unicode character \u25A1 in text object [Text (TMP)].
The character with Unicode value \u6190 was not found in the [Pretendard-SemiBold SDF] font asset or any potential fallbacks. It was replaced by Unicode character \u25A1 in text object [Text (TMP)].
The character with Unicode value \u6190 was not found in the [Pretendard-SemiBold SDF] font asset or any potential fallbacks. It was replaced by Unicode character \u25A1 in text object [Text (TMP)].
<color=#0099bc><b>DOTWEEN ► </b></color>This Tween has been killed and is now invalid
<color=#0099bc><b>DOTWEEN ► </b></color>This Tween has been killed and is now invalid
<color=#0099bc><b>DOTWEEN ► </b></color>This Tween has been killed and is now invalid
<color=#0099bc><b>DOTWEEN ► </b></color>This Tween has been killed and is now invalid
<color=#0099bc><b>DOTWEEN ► </b></color>This Tween has been killed and is now invalid
<color=#0099bc><b>DOTWEEN ► </b></color>This Tween has been killed and is now invalid
<color=#0099bc><b>DOTWEEN ► </b></color>This Tween has been killed and is now invalid
<color=#0099bc><b>DOTWEEN ► </b></color>This Tween has been killed and is now invalid
<color=#0099bc><b>DOTWEEN ► </b></color>This Tween has been killed and is now invalid
<color=#0099bc><b>DOTWEEN ► </b></color>This Tween has been killed and is now invalid
<color=#0099bc><b>DOTWEEN ► </b></color>This Tween has been killed and is now invalid
<color=#0099bc><b>DOTWEEN ► </b></color>This Tween has been killed and is now invalid
<color=#0099bc><b>DOTWEEN ► </b></color>This Tween has been killed and is now invalid
<color=#0099bc><b>DOTWEEN ► </b></color>This Tween has been killed and is now invalid
<color=#0099bc><b>DOTWEEN ► </b></color>This Tween has been killed and is now invalid
<color=#0099bc><b>DOTWEEN ► </b></color>This Tween has been killed and is now invalid
<color=#0099bc><b>DOTWEEN ► </b></color>This Tween has been killed and is now invalid
<color=#0099bc><b>DOTWEEN ► </b></color>This Tween has been killed and is now invalid
<color=#0099bc><b>DOTWEEN ► </b></color>This Tween has been killed and is now invalid
<color=#0099bc><b>DOTWEEN ► </b></color>This Tween has been killed and is now invalid
<color=#0099bc><b>DOTWEEN ► </b></color>This Tween has been killed and is now invalid
<color=#0099bc><b>DOTWEEN ► </b></color>This Tween has been killed and is now invalid
<color=#0099bc><b>DOTWEEN ► </b></color>This Tween has been killed and is now invalid
<color=#0099bc><b>DOTWEEN ► </b></color>This Tween has been killed and is now invalid
<color=#0099bc><b>DOTWEEN ► </b></color>This Tween has been killed and is now invalid
<color=#0099bc><b>DOTWEEN ► </b></color>This Tween has been killed and is now invalid
<color=#0099bc><b>DOTWEEN ► </b></color>This Tween has been killed and is now invalid
<color=#0099bc><b>DOTWEEN ► </b></color>This Tween has been killed and is now invalid
<color=#0099bc><b>DOTWEEN ► </b></color>This Tween has been killed and is now invalid
<color=#0099bc><b>DOTWEEN ► </b></color>This Tween has been killed and is now invalid
<color=#0099bc><b>DOTWEEN ► </b></color>This Tween has been killed and is now invalid
<color=#0099bc><b>DOTWEEN ► </b></color>This Tween has been killed and is now invalid
<color=#0099bc><b>DOTWEEN ► </b></color>This Tween has been killed and is now invalid
<color=#0099bc><b>DOTWEEN ► </b></color>This Tween has been killed and is now invalid
<color=#0099bc><b>DOTWEEN ► </b></color>This Tween has been killed and is now invalid
<color=#0099bc><b>DOTWEEN ► </b></color>This Tween has been killed and is now invalid
<color=#0099bc><b>DOTWEEN ► </b></color>This Tween has been killed and is now invalid
<color=#0099bc><b>DOTWEEN ► </b></color>This Tween has been killed and is now invalid
<color=#0099bc><b>DOTWEEN ► </b></color>This Tween has been killed and is now invalid
The character with Unicode value \u6190 was not found in the [Pretendard-Medium SDF] font asset or any potential fallbacks. It was replaced by Unicode character \u25A1 in text object [Text_Preview].
<color=#0099bc><b>DOTWEEN ► </b></color>This Tween has been killed and is now invalid
<color=#0099bc><b>DOTWEEN ► </b></color>This Tween has been killed and is now invalid
<color=#0099bc><b>DOTWEEN ► </b></color>This Tween has been killed and is now invalid
<color=#0099bc><b>DOTWEEN ► </b></color>This Tween has been killed and is now invalid
Material 'UIStorySelectBlur' with Shader 'UI/GradientBlurShader' doesn't have a texture property '_MainTex'
<color=#0099bc><b>DOTWEEN ► </b></color>This Tween has been killed and is now invalid
<color=#0099bc><b>DOTWEEN ► </b></color>This Tween has been killed and is now invalid
<color=#0099bc><b>DOTWEEN ► </b></color>This Tween has been killed and is now invalid
Material 'UIStorySelectBlur' with Shader 'UI/GradientBlurShader' doesn't have a texture property '_MainTex'
<color=#0099bc><b>DOTWEEN ► </b></color>This Tween has been killed and is now invalid
<color=#0099bc><b>DOTWEEN ► </b></color>This Tween has been killed and is now invalid
<color=#0099bc><b>DOTWEEN ► </b></color>This Tween has been killed and is now invalid
Material 'UIStorySelectBlur' with Shader 'UI/GradientBlurShader' doesn't have a texture property '_MainTex'
<color=#0099bc><b>DOTWEEN ► </b></color>This Tween has been killed and is now invalid
<color=#0099bc><b>DOTWEEN ► </b></color>This Tween has been killed and is now invalid
<color=#0099bc><b>DOTWEEN ► </b></color>This Tween has been killed and is now invalid
<color=#0099bc><b>DOTWEEN ► </b></color>This Tween has been killed and is now invalid
Material 'UIStorySelectBlur' with Shader 'UI/GradientBlurShader' doesn't have a texture property '_MainTex'
<color=#0099bc><b>DOTWEEN ► </b></color>This Tween has been killed and is now invalid
<color=#0099bc><b>DOTWEEN ► </b></color>This Tween has been killed and is now invalid
<color=#0099bc><b>DOTWEEN ► </b></color>This Tween has been killed and is now invalid
Material 'UIStorySelectBlur' with Shader 'UI/GradientBlurShader' doesn't have a texture property '_MainTex'
<color=#0099bc><b>DOTWEEN ► </b></color>This Tween has been killed and is now invalid
<color=#0099bc><b>DOTWEEN ► </b></color>This Tween has been killed and is now invalid
<color=#0099bc><b>DOTWEEN ► </b></color>This Tween has been killed and is now invalid
<color=#0099bc><b>DOTWEEN ► </b></color>This Tween has been killed and is now invalid
Material 'UIStorySelectBlur' with Shader 'UI/GradientBlurShader' doesn't have a texture property '_MainTex'
<color=#0099bc><b>DOTWEEN ► </b></color>This Tween has been killed and is now invalid
<color=#0099bc><b>DOTWEEN ► </b></color>This Tween has been killed and is now invalid
<color=#0099bc><b>DOTWEEN ► </b></color>Infinite loops aren't allowed inside a Sequence (only on the Sequence itself) and will be changed to int.MaxValue
<color=#0099bc><b>DOTWEEN ► </b></color>Infinite loops aren't allowed inside a Sequence (only on the Sequence itself) and will be changed to int.MaxValue
<color=#0099bc><b>DOTWEEN ► </b></color>Infinite loops aren't allowed inside a Sequence (only on the Sequence itself) and will be changed to int.MaxValue
<color=#0099bc><b>DOTWEEN ► </b></color>This Tween has been killed and is now invalid
<color=#0099bc><b>DOTWEEN ► </b></color>This Tween has been killed and is now invalid
Material 'UIStorySelectBlur' with Shader 'UI/GradientBlurShader' doesn't have a texture property '_MainTex'
<color=#0099bc><b>DOTWEEN ► </b></color>This Tween has been killed and is now invalid
<color=#0099bc><b>DOTWEEN ► </b></color>This Tween has been killed and is now invalid
<color=#0099bc><b>DOTWEEN ► </b></color>This Tween has been killed and is now invalid
<color=#0099bc><b>DOTWEEN ► </b></color>This Tween has been killed and is now invalid
Material 'UIStorySelectBlur' with Shader 'UI/GradientBlurShader' doesn't have a texture property '_MainTex'
<color=#0099bc><b>DOTWEEN ► </b></color>This Tween has been killed and is now invalid
<color=#0099bc><b>DOTWEEN ► </b></color>This Tween has been killed and is now invalid
Parent of RectTransform is being set with parent property. Consider using the SetParent method instead, with the worldPositionStays argument set to false. This will retain local orientation and scale rather than world orientation and scale, which can prevent common UI scaling issues.
Unloading 1 Unused Serialized files (Serialized files now loaded: 0)
Unloading 1458 unused Assets to reduce memory usage. Loaded Objects now: 16817.
Total: 9.449200 ms (FindLiveObjects: 1.627500 ms CreateObjectMapping: 0.353700 ms MarkObjects: 6.415600 ms  DeleteObjects: 1.052000 ms)

<color=#0099bc><b>DOTWEEN ► </b></color>Infinite loops aren't allowed inside a Sequence (only on the Sequence itself) and will be changed to int.MaxValue
<color=#0099bc><b>DOTWEEN ► </b></color>Infinite loops aren't allowed inside a Sequence (only on the Sequence itself) and will be changed to int.MaxValue
<color=#0099bc><b>DOTWEEN ► </b></color>Infinite loops aren't allowed inside a Sequence (only on the Sequence itself) and will be changed to int.MaxValue
<color=#0099bc><b>DOTWEEN ► </b></color>This Tween has been killed and is now invalid
<color=#0099bc><b>DOTWEEN ► </b></color>This Tween has been killed and is now invalid
Material 'UIStorySelectBlur' with Shader 'UI/GradientBlurShader' doesn't have a texture property '_MainTex'
<color=#0099bc><b>DOTWEEN ► </b></color>This Tween has been killed and is now invalid
<color=#0099bc><b>DOTWEEN ► </b></color>This Tween has been killed and is now invalid
<color=#0099bc><b>DOTWEEN ► </b></color>This Tween has been killed and is now invalid
<color=#0099bc><b>DOTWEEN ► </b></color>This Tween has been killed and is now invalid
Material 'UIStorySelectBlur' with Shader 'UI/GradientBlurShader' doesn't have a texture property '_MainTex'
<color=#0099bc><b>DOTWEEN ► </b></color>This Tween has been killed and is now invalid
<color=#0099bc><b>DOTWEEN ► </b></color>This Tween has been killed and is now invalid
<color=#0099bc><b>DOTWEEN ► </b></color>This Tween has been killed and is now invalid
Material 'UIStorySelectBlur' with Shader 'UI/GradientBlurShader' doesn't have a texture property '_MainTex'
<color=#0099bc><b>DOTWEEN ► </b></color>This Tween has been killed and is now invalid
<color=#0099bc><b>DOTWEEN ► </b></color>This Tween has been killed and is now invalid
Material 'UIStorySelectBlur' with Shader 'UI/GradientBlurShader' doesn't have a texture property '_MainTex'
AudioSampleProvider buffer overflow. 240 sample frames discarded.
AudioSampleProvider buffer overflow. 240 sample frames discarded.
AudioSampleProvider buffer overflow. 240 sample frames discarded.
AudioSampleProvider buffer overflow. 3824 sample frames discarded.
AudioSampleProvider buffer overflow. 3824 sample frames discarded.
AudioSampleProvider buffer overflow. 3824 sample frames discarded.
AudioSampleProvider buffer overflow. 1728 sample frames discarded.
AudioSampleProvider buffer overflow. 1728 sample frames discarded.
AudioSampleProvider buffer overflow. 1728 sample frames discarded.
AudioSampleProvider buffer overflow. 3776 sample frames discarded.
AudioSampleProvider buffer overflow. 3776 sample frames discarded.
AudioSampleProvider buffer overflow. 3776 sample frames discarded.
AudioSampleProvider buffer overflow. 2752 sample frames discarded.
AudioSampleProvider buffer overflow. 2752 sample frames discarded.
AudioSampleProvider buffer overflow. 2752 sample frames discarded.
AudioSampleProvider buffer overflow. 64 sample frames discarded.
AudioSampleProvider buffer overflow. 64 sample frames discarded.
AudioSampleProvider buffer overflow. 64 sample frames discarded.
AudioSampleProvider buffer overflow. 384 sample frames discarded.
AudioSampleProvider buffer overflow. 384 sample frames discarded.
AudioSampleProvider buffer overflow. 384 sample frames discarded.
AudioSampleProvider buffer overflow. 496 sample frames discarded.
AudioSampleProvider buffer overflow. 496 sample frames discarded.
AudioSampleProvider buffer overflow. 496 sample frames discarded.
AudioSampleProvider buffer overflow. 448 sample frames discarded.
AudioSampleProvider buffer overflow. 448 sample frames discarded.
AudioSampleProvider buffer overflow. 448 sample frames discarded.
<color=#0099bc><b>DOTWEEN ► </b></color>This Tween has been killed and is now invalid
<color=#0099bc><b>DOTWEEN ► </b></color>Infinite loops aren't allowed inside a Sequence (only on the Sequence itself) and will be changed to int.MaxValue
<color=#0099bc><b>DOTWEEN ► </b></color>Infinite loops aren't allowed inside a Sequence (only on the Sequence itself) and will be changed to int.MaxValue
<color=#0099bc><b>DOTWEEN ► </b></color>Infinite loops aren't allowed inside a Sequence (only on the Sequence itself) and will be changed to int.MaxValue
Material UIBlurHQ doesn't have _ColorMask property
Material UIBlurHQ doesn't have _ColorMask property
Material UIBlurHQ doesn't have _ColorMask property
Material UIBlurHQ doesn't have _ColorMask property
Material UIBlurHQ doesn't have _ColorMask property
Material UIBlurHQ doesn't have _ColorMask property
Material UIBlurHQ doesn't have _ColorMask property
Material UIBlurHQ doesn't have _ColorMask property
<color=#0099bc><b>DOTWEEN ► </b></color>This Tween has been killed and is now invalid
<color=#0099bc><b>DOTWEEN ► </b></color>This Tween has been killed and is now invalid
Material 'UIStorySelectBlur' with Shader 'UI/GradientBlurShader' doesn't have a texture property '_MainTex'
<color=#0099bc><b>DOTWEEN ► </b></color>This Tween has been killed and is now invalid
<color=#0099bc><b>DOTWEEN ► </b></color>This Tween has been killed and is now invalid
Parent of RectTransform is being set with parent property. Consider using the SetParent method instead, with the worldPositionStays argument set to false. This will retain local orientation and scale rather than world orientation and scale, which can prevent common UI scaling issues.
Unloading 1 Unused Serialized files (Serialized files now loaded: 0)
Unloading 795 unused Assets to reduce memory usage. Loaded Objects now: 16932.
Total: 7.895300 ms (FindLiveObjects: 1.425000 ms CreateObjectMapping: 0.281000 ms MarkObjects: 5.342900 ms  DeleteObjects: 0.845900 ms)

<color=#0099bc><b>DOTWEEN ► </b></color>Infinite loops aren't allowed inside a Sequence (only on the Sequence itself) and will be changed to int.MaxValue
<color=#0099bc><b>DOTWEEN ► </b></color>Infinite loops aren't allowed inside a Sequence (only on the Sequence itself) and will be changed to int.MaxValue
<color=#0099bc><b>DOTWEEN ► </b></color>Infinite loops aren't allowed inside a Sequence (only on the Sequence itself) and will be changed to int.MaxValue
Material UIBlurHQ doesn't have _ColorMask property
Material UIBlurHQ doesn't have _ColorMask property
Material UIBlurHQ doesn't have _ColorMask property
Material UIBlurHQ doesn't have _ColorMask property
Material UIBlurHQ doesn't have _ColorMask property
Material UIBlurHQ doesn't have _ColorMask property
Material UIBlurHQ doesn't have _ColorMask property
Material UIBlurHQ doesn't have _ColorMask property
<color=#0099bc><b>DOTWEEN ► </b></color>This Tween has been killed and is now invalid
<color=#0099bc><b>DOTWEEN ► </b></color>This Tween has been killed and is now invalid
Material 'UIStorySelectBlur' with Shader 'UI/GradientBlurShader' doesn't have a texture property '_MainTex'
<color=#0099bc><b>DOTWEEN ► </b></color>This Tween has been killed and is now invalid
<color=#0099bc><b>DOTWEEN ► </b></color>This Tween has been killed and is now invalid
<color=#0099bc><b>DOTWEEN ► </b></color>This Tween has been killed and is now invalid
The character with Unicode value \u6190 was not found in the [Pretendard-SemiBold SDF] font asset or any potential fallbacks. It was replaced by Unicode character \u25A1 in text object [Text (TMP)].
<color=#0099bc><b>DOTWEEN ► </b></color>This Tween has been killed and is now invalid
<color=#0099bc><b>DOTWEEN ► </b></color>This Tween has been killed and is now invalid
<color=#0099bc><b>DOTWEEN ► </b></color>This Tween has been killed and is now invalid
<color=#0099bc><b>DOTWEEN ► </b></color>This Tween has been killed and is now invalid
<color=#0099bc><b>DOTWEEN ► </b></color>This Tween has been killed and is now invalid
<color=#0099bc><b>DOTWEEN ► </b></color>This Tween has been killed and is now invalid
<color=#0099bc><b>DOTWEEN ► </b></color>This Tween has been killed and is now invalid
<color=#0099bc><b>DOTWEEN ► </b></color>This Tween has been killed and is now invalid
<color=#0099bc><b>DOTWEEN ► </b></color>This Tween has been killed and is now invalid
<color=#0099bc><b>DOTWEEN ► </b></color>This Tween has been killed and is now invalid
<color=#0099bc><b>DOTWEEN ► </b></color>This Tween has been killed and is now invalid
<color=#0099bc><b>DOTWEEN ► </b></color>This Tween has been killed and is now invalid
<color=#0099bc><b>DOTWEEN ► </b></color>This Tween has been killed and is now invalid
<color=#0099bc><b>DOTWEEN ► </b></color>This Tween has been killed and is now invalid
<color=#0099bc><b>DOTWEEN ► </b></color>This Tween has been killed and is now invalid
The character with Unicode value \u6190 was not found in the [Pretendard-SemiBold SDF] font asset or any potential fallbacks. It was replaced by Unicode character \u25A1 in text object [Text (TMP)].
The character with Unicode value \u6190 was not found in the [Pretendard-SemiBold SDF] font asset or any potential fallbacks. It was replaced by Unicode character \u25A1 in text object [Text (TMP)].
The character with Unicode value \u6190 was not found in the [Pretendard-SemiBold SDF] font asset or any potential fallbacks. It was replaced by Unicode character \u25A1 in text object [Text (TMP)].
The character with Unicode value \u6190 was not found in the [Pretendard-SemiBold SDF] font asset or any potential fallbacks. It was replaced by Unicode character \u25A1 in text object [Text (TMP)].
The character with Unicode value \u6190 was not found in the [Pretendard-SemiBold SDF] font asset or any potential fallbacks. It was replaced by Unicode character \u25A1 in text object [Text (TMP)].
The character with Unicode value \u6190 was not found in the [Pretendard-SemiBold SDF] font asset or any potential fallbacks. It was replaced by Unicode character \u25A1 in text object [Text (TMP)].
The character with Unicode value \u6190 was not found in the [Pretendard-SemiBold SDF] font asset or any potential fallbacks. It was replaced by Unicode character \u25A1 in text object [Text (TMP)].
The character with Unicode value \u6190 was not found in the [Pretendard-SemiBold SDF] font asset or any potential fallbacks. It was replaced by Unicode character \u25A1 in text object [Text (TMP)].
The character with Unicode value \u6190 was not found in the [Pretendard-SemiBold SDF] font asset or any potential fallbacks. It was replaced by Unicode character \u25A1 in text object [Text (TMP)].
The character with Unicode value \u6190 was not found in the [Pretendard-SemiBold SDF] font asset or any potential fallbacks. It was replaced by Unicode character \u25A1 in text object [Text (TMP)].
The character with Unicode value \u6190 was not found in the [Pretendard-SemiBold SDF] font asset or any potential fallbacks. It was replaced by Unicode character \u25A1 in text object [Text (TMP)].
<color=#0099bc><b>DOTWEEN ► </b></color>This Tween has been killed and is now invalid
<color=#0099bc><b>DOTWEEN ► </b></color>This Tween has been killed and is now invalid
<color=#0099bc><b>DOTWEEN ► </b></color>This Tween has been killed and is now invalid
<color=#0099bc><b>DOTWEEN ► </b></color>This Tween has been killed and is now invalid
<color=#0099bc><b>DOTWEEN ► </b></color>This Tween has been killed and is now invalid
<color=#0099bc><b>DOTWEEN ► </b></color>This Tween has been killed and is now invalid
<color=#0099bc><b>DOTWEEN ► </b></color>This Tween has been killed and is now invalid
<color=#0099bc><b>DOTWEEN ► </b></color>This Tween has been killed and is now invalid
The character with Unicode value \u6190 was not found in the [Pretendard-Medium SDF] font asset or any potential fallbacks. It was replaced by Unicode character \u25A1 in text object [Text_Preview].
The character with Unicode value \u6190 was not found in the [Pretendard-SemiBold SDF] font asset or any potential fallbacks. It was replaced by Unicode character \u25A1 in text object [Text (TMP)].
The character with Unicode value \u6190 was not found in the [Pretendard-SemiBold SDF] font asset or any potential fallbacks. It was replaced by Unicode character \u25A1 in text object [Text (TMP)].
The character with Unicode value \u6190 was not found in the [Pretendard-SemiBold SDF] font asset or any potential fallbacks. It was replaced by Unicode character \u25A1 in text object [Text (TMP)].
<color=#0099bc><b>DOTWEEN ► </b></color>This Tween has been killed and is now invalid
<color=#0099bc><b>DOTWEEN ► </b></color>This Tween has been killed and is now invalid
<color=#0099bc><b>DOTWEEN ► </b></color>This Tween has been killed and is now invalid
<color=#0099bc><b>DOTWEEN ► </b></color>This Tween has been killed and is now invalid
<color=#0099bc><b>DOTWEEN ► </b></color>This Tween has been killed and is now invalid
<color=#0099bc><b>DOTWEEN ► </b></color>This Tween has been killed and is now invalid
<color=#0099bc><b>DOTWEEN ► </b></color>This Tween has been killed and is now invalid
<color=#0099bc><b>DOTWEEN ► </b></color>This Tween has been killed and is now invalid
<color=#0099bc><b>DOTWEEN ► </b></color>This Tween has been killed and is now invalid
<color=#0099bc><b>DOTWEEN ► </b></color>This Tween has been killed and is now invalid
<color=#0099bc><b>DOTWEEN ► </b></color>This Tween has been killed and is now invalid
<color=#0099bc><b>DOTWEEN ► </b></color>This Tween has been killed and is now invalid
<color=#0099bc><b>DOTWEEN ► </b></color>This Tween has been killed and is now invalid
<color=#0099bc><b>DOTWEEN ► </b></color>This Tween has been killed and is now invalid
<color=#0099bc><b>DOTWEEN ► </b></color>This Tween has been killed and is now invalid
The character with Unicode value \u6190 was not found in the [Pretendard-Medium SDF] font asset or any potential fallbacks. It was replaced by Unicode character \u25A1 in text object [Text_Preview].
<color=#0099bc><b>DOTWEEN ► </b></color>This Tween has been killed and is now invalid
<color=#0099bc><b>DOTWEEN ► </b></color>This Tween has been killed and is now invalid
<color=#0099bc><b>DOTWEEN ► </b></color>This Tween has been killed and is now invalid
<color=#0099bc><b>DOTWEEN ► </b></color>This Tween has been killed and is now invalid
Material 'UIStorySelectBlur' with Shader 'UI/GradientBlurShader' doesn't have a texture property '_MainTex'
<color=#0099bc><b>DOTWEEN ► </b></color>This Tween has been killed and is now invalid
<color=#0099bc><b>DOTWEEN ► </b></color>This Tween has been killed and is now invalid
<color=#0099bc><b>DOTWEEN ► </b></color>This Tween has been killed and is now invalid
Material 'UIStorySelectBlur' with Shader 'UI/GradientBlurShader' doesn't have a texture property '_MainTex'
<color=#0099bc><b>DOTWEEN ► </b></color>This Tween has been killed and is now invalid
<color=#0099bc><b>DOTWEEN ► </b></color>This Tween has been killed and is now invalid
Material UIBlurHQ doesn't have _ColorMask property
Material UIBlurHQ doesn't have _ColorMask property
Material UIBlurHQ doesn't have _ColorMask property
Material UIBlurHQ doesn't have _ColorMask property
Material UIBlurHQ doesn't have _ColorMask property
<color=#0099bc><b>DOTWEEN ► </b></color>This Tween has been killed and is now invalid
Material UIBlurHQ doesn't have _ColorMask property
Material UIBlurHQ doesn't have _ColorMask property
Material UIBlurHQ doesn't have _ColorMask property
Material UIBlurHQ doesn't have _ColorMask property
Material UIBlurHQ doesn't have _ColorMask property
<color=#0099bc><b>DOTWEEN ► </b></color>This Tween has been killed and is now invalid
<color=#0099bc><b>DOTWEEN ► </b></color>This Tween has been killed and is now invalid
Material 'UIStorySelectBlur' with Shader 'UI/GradientBlurShader' doesn't have a texture property '_MainTex'
<color=#0099bc><b>DOTWEEN ► </b></color>This Tween has been killed and is now invalid
<color=#0099bc><b>DOTWEEN ► </b></color>This Tween has been killed and is now invalid
AudioSampleProvider buffer overflow. 1968 sample frames discarded.
AudioSampleProvider buffer overflow. 1968 sample frames discarded.
AudioSampleProvider buffer overflow. 672 sample frames discarded.
AudioSampleProvider buffer overflow. 1776 sample frames discarded.
AudioSampleProvider buffer overflow. 1776 sample frames discarded.
AudioSampleProvider buffer overflow. 64 sample frames discarded.
AudioSampleProvider buffer overflow. 64 sample frames discarded.
AudioSampleProvider buffer overflow. 64 sample frames discarded.
AudioSampleProvider buffer overflow. 384 sample frames discarded.
AudioSampleProvider buffer overflow. 384 sample frames discarded.
AudioSampleProvider buffer overflow. 384 sample frames discarded.
AudioSampleProvider buffer overflow. 704 sample frames discarded.
AudioSampleProvider buffer overflow. 704 sample frames discarded.
AudioSampleProvider buffer overflow. 704 sample frames discarded.
<color=#0099bc><b>DOTWEEN ► </b></color>This Tween has been killed and is now invalid
Material 'UIStorySelectBlur' with Shader 'UI/GradientBlurShader' doesn't have a texture property '_MainTex'
<color=#0099bc><b>DOTWEEN ► </b></color>This Tween has been killed and is now invalid
<color=#0099bc><b>DOTWEEN ► </b></color>This Tween has been killed and is now invalid
<color=#0099bc><b>DOTWEEN ► </b></color>This Tween has been killed and is now invalid
<color=#0099bc><b>DOTWEEN ► </b></color>This Tween has been killed and is now invalid
Material 'UIStorySelectBlur' with Shader 'UI/GradientBlurShader' doesn't have a texture property '_MainTex'
<color=#0099bc><b>DOTWEEN ► </b></color>This Tween has been killed and is now invalid
<color=#0099bc><b>DOTWEEN ► </b></color>This Tween has been killed and is now invalid
<color=#0099bc><b>DOTWEEN ► </b></color>This Tween has been killed and is now invalid
Material 'UIStorySelectBlur' with Shader 'UI/GradientBlurShader' doesn't have a texture property '_MainTex'
<color=#0099bc><b>DOTWEEN ► </b></color>This Tween has been killed and is now invalid
<color=#0099bc><b>DOTWEEN ► </b></color>This Tween has been killed and is now invalid
<color=#0099bc><b>DOTWEEN ► </b></color>This Tween has been killed and is now invalid
<color=#0099bc><b>DOTWEEN ► </b></color>This Tween has been killed and is now invalid
Material 'UIStorySelectBlur' with Shader 'UI/GradientBlurShader' doesn't have a texture property '_MainTex'
<color=#0099bc><b>DOTWEEN ► </b></color>This Tween has been killed and is now invalid
<color=#0099bc><b>DOTWEEN ► </b></color>This Tween has been killed and is now invalid
<color=#0099bc><b>DOTWEEN ► </b></color>This Tween has been killed and is now invalid
<color=#0099bc><b>DOTWEEN ► </b></color>This Tween has been killed and is now invalid
Material 'UIStorySelectBlur' with Shader 'UI/GradientBlurShader' doesn't have a texture property '_MainTex'
<color=#0099bc><b>DOTWEEN ► </b></color>This Tween has been killed and is now invalid
Parent of RectTransform is being set with parent property. Consider using the SetParent method instead, with the worldPositionStays argument set to false. This will retain local orientation and scale rather than world orientation and scale, which can prevent common UI scaling issues.
Unloading 1 Unused Serialized files (Serialized files now loaded: 0)
Unloading 1290 unused Assets to reduce memory usage. Loaded Objects now: 17083.
Total: 10.758900 ms (FindLiveObjects: 1.682800 ms CreateObjectMapping: 0.366800 ms MarkObjects: 7.363600 ms  DeleteObjects: 1.345100 ms)

<color=#0099bc><b>DOTWEEN ► </b></color>This Tween has been killed and is now invalid
<color=#0099bc><b>DOTWEEN ► </b></color>Infinite loops aren't allowed inside a Sequence (only on the Sequence itself) and will be changed to int.MaxValue
<color=#0099bc><b>DOTWEEN ► </b></color>Infinite loops aren't allowed inside a Sequence (only on the Sequence itself) and will be changed to int.MaxValue
<color=#0099bc><b>DOTWEEN ► </b></color>Infinite loops aren't allowed inside a Sequence (only on the Sequence itself) and will be changed to int.MaxValue
Material UIBlurHQ doesn't have _ColorMask property
Material UIBlurHQ doesn't have _ColorMask property
Parent of RectTransform is being set with parent property. Consider using the SetParent method instead, with the worldPositionStays argument set to false. This will retain local orientation and scale rather than world orientation and scale, which can prevent common UI scaling issues.
Unloading 1 Unused Serialized files (Serialized files now loaded: 0)
Unloading 484 unused Assets to reduce memory usage. Loaded Objects now: 17146.
Total: 8.135200 ms (FindLiveObjects: 1.539000 ms CreateObjectMapping: 0.270900 ms MarkObjects: 5.773600 ms  DeleteObjects: 0.551400 ms)

Parent of RectTransform is being set with parent property. Consider using the SetParent method instead, with the worldPositionStays argument set to false. This will retain local orientation and scale rather than world orientation and scale, which can prevent common UI scaling issues.
Unloading 1 Unused Serialized files (Serialized files now loaded: 0)
Unloading 140 unused Assets to reduce memory usage. Loaded Objects now: 17203.
Total: 8.475700 ms (FindLiveObjects: 1.441800 ms CreateObjectMapping: 0.276000 ms MarkObjects: 6.624400 ms  DeleteObjects: 0.133100 ms)

Parent of RectTransform is being set with parent property. Consider using the SetParent method instead, with the worldPositionStays argument set to false. This will retain local orientation and scale rather than world orientation and scale, which can prevent common UI scaling issues.
Unloading 0 Unused Serialized files (Serialized files now loaded: 0)
Unloading 2 unused Assets to reduce memory usage. Loaded Objects now: 17153.
Total: 7.357800 ms (FindLiveObjects: 1.509700 ms CreateObjectMapping: 0.264900 ms MarkObjects: 5.522900 ms  DeleteObjects: 0.060000 ms)

<color=#0099bc><b>DOTWEEN ► </b></color>This Tween has been killed and is now invalid
<color=#0099bc><b>DOTWEEN ► </b></color>This Tween has been killed and is now invalid
Material 'UIStorySelectBlur' with Shader 'UI/GradientBlurShader' doesn't have a texture property '_MainTex'
<color=#0099bc><b>DOTWEEN ► </b></color>This Tween has been killed and is now invalid
<color=#0099bc><b>DOTWEEN ► </b></color>This Tween has been killed and is now invalid
<color=#0099bc><b>DOTWEEN ► </b></color>Infinite loops aren't allowed inside a Sequence (only on the Sequence itself) and will be changed to int.MaxValue
<color=#0099bc><b>DOTWEEN ► </b></color>Infinite loops aren't allowed inside a Sequence (only on the Sequence itself) and will be changed to int.MaxValue
<color=#0099bc><b>DOTWEEN ► </b></color>Infinite loops aren't allowed inside a Sequence (only on the Sequence itself) and will be changed to int.MaxValue
Material UIBlurHQ doesn't have _ColorMask property
Material UIBlurHQ doesn't have _ColorMask property
<color=#0099bc><b>DOTWEEN ► </b></color>This Tween has been killed and is now invalid
<color=#0099bc><b>DOTWEEN ► </b></color>This Tween has been killed and is now invalid
Material 'UIStorySelectBlur' with Shader 'UI/GradientBlurShader' doesn't have a texture property '_MainTex'
<color=#0099bc><b>DOTWEEN ► </b></color>This Tween has been killed and is now invalid
<color=#0099bc><b>DOTWEEN ► </b></color>This Tween has been killed and is now invalid
<color=#0099bc><b>DOTWEEN ► </b></color>Infinite loops aren't allowed inside a Sequence (only on the Sequence itself) and will be changed to int.MaxValue
<color=#0099bc><b>DOTWEEN ► </b></color>Infinite loops aren't allowed inside a Sequence (only on the Sequence itself) and will be changed to int.MaxValue
<color=#0099bc><b>DOTWEEN ► </b></color>Infinite loops aren't allowed inside a Sequence (only on the Sequence itself) and will be changed to int.MaxValue
Material UIBlurHQ doesn't have _ColorMask property
Material UIBlurHQ doesn't have _ColorMask property
Material UIBlurHQ doesn't have _ColorMask property
Material UIBlurHQ doesn't have _ColorMask property
<color=#0099bc><b>DOTWEEN ► </b></color>This Tween has been killed and is now invalid
<color=#0099bc><b>DOTWEEN ► </b></color>This Tween has been killed and is now invalid
Material 'UIStorySelectBlur' with Shader 'UI/GradientBlurShader' doesn't have a texture property '_MainTex'
<color=#0099bc><b>DOTWEEN ► </b></color>This Tween has been killed and is now invalid
<color=#0099bc><b>DOTWEEN ► </b></color>This Tween has been killed and is now invalid
<color=#0099bc><b>DOTWEEN ► </b></color>Infinite loops aren't allowed inside a Sequence (only on the Sequence itself) and will be changed to int.MaxValue
<color=#0099bc><b>DOTWEEN ► </b></color>Infinite loops aren't allowed inside a Sequence (only on the Sequence itself) and will be changed to int.MaxValue
<color=#0099bc><b>DOTWEEN ► </b></color>Infinite loops aren't allowed inside a Sequence (only on the Sequence itself) and will be changed to int.MaxValue
Material UIBlurHQ doesn't have _ColorMask property
Material UIBlurHQ doesn't have _ColorMask property
Material UIBlurHQ doesn't have _ColorMask property
Material UIBlurHQ doesn't have _ColorMask property
<color=#0099bc><b>DOTWEEN ► </b></color>This Tween has been killed and is now invalid
<color=#0099bc><b>DOTWEEN ► </b></color>This Tween has been killed and is now invalid
Material 'UIStorySelectBlur' with Shader 'UI/GradientBlurShader' doesn't have a texture property '_MainTex'
<color=#0099bc><b>DOTWEEN ► </b></color>This Tween has been killed and is now invalid
<color=#0099bc><b>DOTWEEN ► </b></color>This Tween has been killed and is now invalid
<color=#0099bc><b>DOTWEEN ► </b></color>This Tween has been killed and is now invalid
Material 'UIStorySelectBlur' with Shader 'UI/GradientBlurShader' doesn't have a texture property '_MainTex'
<color=#0099bc><b>DOTWEEN ► </b></color>This Tween has been killed and is now invalid
<color=#0099bc><b>DOTWEEN ► </b></color>This Tween has been killed and is now invalid
<color=#0099bc><b>DOTWEEN ► </b></color>This Tween has been killed and is now invalid
<color=#0099bc><b>DOTWEEN ► </b></color>This Tween has been killed and is now invalid
Material 'UIStorySelectBlur' with Shader 'UI/GradientBlurShader' doesn't have a texture property '_MainTex'
<color=#0099bc><b>DOTWEEN ► </b></color>This Tween has been killed and is now invalid
<color=#0099bc><b>DOTWEEN ► </b></color>This Tween has been killed and is now invalid
<color=#0099bc><b>DOTWEEN ► </b></color>This Tween has been killed and is now invalid
<color=#0099bc><b>DOTWEEN ► </b></color>This Tween has been killed and is now invalid
Material 'UIStorySelectBlur' with Shader 'UI/GradientBlurShader' doesn't have a texture property '_MainTex'
<color=#0099bc><b>DOTWEEN ► </b></color>This Tween has been killed and is now invalid
<color=#0099bc><b>DOTWEEN ► </b></color>This Tween has been killed and is now invalid
<color=#0099bc><b>DOTWEEN ► </b></color>This Tween has been killed and is now invalid
<color=#0099bc><b>DOTWEEN ► </b></color>This Tween has been killed and is now invalid
Material 'UIStorySelectBlur' with Shader 'UI/GradientBlurShader' doesn't have a texture property '_MainTex'
AudioSampleProvider buffer overflow. 3040 sample frames discarded.
AudioSampleProvider buffer overflow. 3040 sample frames discarded.
AudioSampleProvider buffer overflow. 3040 sample frames discarded.
AudioSampleProvider buffer overflow. 2752 sample frames discarded.
AudioSampleProvider buffer overflow. 2752 sample frames discarded.
AudioSampleProvider buffer overflow. 2752 sample frames discarded.
AudioSampleProvider buffer overflow. 1728 sample frames discarded.
AudioSampleProvider buffer overflow. 1728 sample frames discarded.
AudioSampleProvider buffer overflow. 1728 sample frames discarded.
AudioSampleProvider buffer overflow. 1728 sample frames discarded.
AudioSampleProvider buffer overflow. 1728 sample frames discarded.
AudioSampleProvider buffer overflow. 1728 sample frames discarded.
AudioSampleProvider buffer overflow. 704 sample frames discarded.
AudioSampleProvider buffer overflow. 704 sample frames discarded.
AudioSampleProvider buffer overflow. 704 sample frames discarded.
AudioSampleProvider buffer overflow. 64 sample frames discarded.
AudioSampleProvider buffer overflow. 64 sample frames discarded.
AudioSampleProvider buffer overflow. 64 sample frames discarded.
<color=#0099bc><b>DOTWEEN ► </b></color>This Tween has been killed and is now invalid
<color=#0099bc><b>DOTWEEN ► </b></color>This Tween has been killed and is now invalid
<color=#0099bc><b>DOTWEEN ► </b></color>Infinite loops aren't allowed inside a Sequence (only on the Sequence itself) and will be changed to int.MaxValue
<color=#0099bc><b>DOTWEEN ► </b></color>Infinite loops aren't allowed inside a Sequence (only on the Sequence itself) and will be changed to int.MaxValue
<color=#0099bc><b>DOTWEEN ► </b></color>Infinite loops aren't allowed inside a Sequence (only on the Sequence itself) and will be changed to int.MaxValue
Material UIBlurHQ doesn't have _ColorMask property
Material UIBlurHQ doesn't have _ColorMask property
Material UIBlurHQ doesn't have _ColorMask property
Material UIBlurHQ doesn't have _ColorMask property
Material UIBlurHQ doesn't have _ColorMask property
<color=#0099bc><b>DOTWEEN ► </b></color>This Tween has been killed and is now invalid
<color=#0099bc><b>DOTWEEN ► </b></color>This Tween has been killed and is now invalid
Material 'UIStorySelectBlur' with Shader 'UI/GradientBlurShader' doesn't have a texture property '_MainTex'
<color=#0099bc><b>DOTWEEN ► </b></color>This Tween has been killed and is now invalid
<color=#0099bc><b>DOTWEEN ► </b></color>This Tween has been killed and is now invalid
<color=#0099bc><b>DOTWEEN ► </b></color>This Tween has been killed and is now invalid
Parent of RectTransform is being set with parent property. Consider using the SetParent method instead, with the worldPositionStays argument set to false. This will retain local orientation and scale rather than world orientation and scale, which can prevent common UI scaling issues.
Unloading 1 Unused Serialized files (Serialized files now loaded: 0)
Unloading 1543 unused Assets to reduce memory usage. Loaded Objects now: 17452.
Total: 10.398600 ms (FindLiveObjects: 1.737600 ms CreateObjectMapping: 0.419600 ms MarkObjects: 6.570300 ms  DeleteObjects: 1.670700 ms)

<color=#0099bc><b>DOTWEEN ► </b></color>This Tween has been killed and is now invalid
Material 'UIStorySelectBlur' with Shader 'UI/GradientBlurShader' doesn't have a texture property '_MainTex'
<color=#0099bc><b>DOTWEEN ► </b></color>This Tween has been killed and is now invalid
<color=#0099bc><b>DOTWEEN ► </b></color>This Tween has been killed and is now invalid
Material UIBlurHQ doesn't have _ColorMask property
Material UIBlurHQ doesn't have _ColorMask property
Material UIBlurHQ doesn't have _ColorMask property
Material UIBlurHQ doesn't have _ColorMask property
Material UIBlurHQ doesn't have _ColorMask property
Material UIBlurHQ doesn't have _ColorMask property
Material UIBlurHQ doesn't have _ColorMask property
Material UIBlurHQ doesn't have _ColorMask property
Material UIBlurHQ doesn't have _ColorMask property
Material UIBlurHQ doesn't have _ColorMask property
Material UIBlurHQ doesn't have _ColorMask property
Material UIBlurHQ doesn't have _ColorMask property
Material UIBlurHQ doesn't have _ColorMask property
Material UIBlurHQ doesn't have _ColorMask property
Material UIBlurHQ doesn't have _ColorMask property
<color=#0099bc><b>DOTWEEN ► </b></color>This Tween has been killed and is now invalid
<color=#0099bc><b>DOTWEEN ► </b></color>This Tween has been killed and is now invalid
Material 'UIStorySelectBlur' with Shader 'UI/GradientBlurShader' doesn't have a texture property '_MainTex'
<color=#0099bc><b>DOTWEEN ► </b></color>This Tween has been killed and is now invalid
<color=#0099bc><b>DOTWEEN ► </b></color>This Tween has been killed and is now invalid
<color=#0099bc><b>DOTWEEN ► </b></color>This Tween has been killed and is now invalid
Material UIBlurHQ doesn't have _ColorMask property
Material UIBlurHQ doesn't have _ColorMask property
Material UIBlurHQ doesn't have _ColorMask property
Material UIBlurHQ doesn't have _ColorMask property
Material UIBlurHQ doesn't have _ColorMask property
Material UIBlurHQ doesn't have _ColorMask property
Material UIBlurHQ doesn't have _ColorMask property
Material UIBlurHQ doesn't have _ColorMask property
Material UIBlurHQ doesn't have _ColorMask property
Material UIBlurHQ doesn't have _ColorMask property
Material UIBlurHQ doesn't have _ColorMask property
Material UIBlurHQ doesn't have _ColorMask property
Material UIBlurHQ doesn't have _ColorMask property
Material UIBlurHQ doesn't have _ColorMask property
Material UIBlurHQ doesn't have _ColorMask property
Material UIBlurHQ doesn't have _ColorMask property
<color=#0099bc><b>DOTWEEN ► </b></color>This Tween has been killed and is now invalid
<color=#0099bc><b>DOTWEEN ► </b></color>This Tween has been killed and is now invalid
Material 'UIStorySelectBlur' with Shader 'UI/GradientBlurShader' doesn't have a texture property '_MainTex'
<color=#0099bc><b>DOTWEEN ► </b></color>This Tween has been killed and is now invalid
<color=#0099bc><b>DOTWEEN ► </b></color>This Tween has been killed and is now invalid
<color=#0099bc><b>DOTWEEN ► </b></color>This Tween has been killed and is now invalid
Material UIBlurHQ doesn't have _ColorMask property
Material UIBlurHQ doesn't have _ColorMask property
Material UIBlurHQ doesn't have _ColorMask property
Material UIBlurHQ doesn't have _ColorMask property
Material UIBlurHQ doesn't have _ColorMask property
Material UIBlurHQ doesn't have _ColorMask property
Material UIBlurHQ doesn't have _ColorMask property
Material UIBlurHQ doesn't have _ColorMask property
Material UIBlurHQ doesn't have _ColorMask property
Material UIBlurHQ doesn't have _ColorMask property
Material UIBlurHQ doesn't have _ColorMask property
Material UIBlurHQ doesn't have _ColorMask property
Material UIBlurHQ doesn't have _ColorMask property
Material UIBlurHQ doesn't have _ColorMask property
Material UIBlurHQ doesn't have _ColorMask property
Material UIBlurHQ doesn't have _ColorMask property
<color=#0099bc><b>DOTWEEN ► </b></color>This Tween has been killed and is now invalid
<color=#0099bc><b>DOTWEEN ► </b></color>This Tween has been killed and is now invalid
Material 'UIStorySelectBlur' with Shader 'UI/GradientBlurShader' doesn't have a texture property '_MainTex'
<color=#0099bc><b>DOTWEEN ► </b></color>This Tween has been killed and is now invalid
<color=#0099bc><b>DOTWEEN ► </b></color>This Tween has been killed and is now invalid
<color=#0099bc><b>DOTWEEN ► </b></color>This Tween has been killed and is now invalid
<color=#0099bc><b>DOTWEEN ► </b></color>This Tween has been killed and is now invalid
Material 'UIStorySelectBlur' with Shader 'UI/GradientBlurShader' doesn't have a texture property '_MainTex'
<color=#0099bc><b>DOTWEEN ► </b></color>This Tween has been killed and is now invalid
<color=#0099bc><b>DOTWEEN ► </b></color>This Tween has been killed and is now invalid
<color=#0099bc><b>DOTWEEN ► </b></color>This Tween has been killed and is now invalid
Material 'UIStorySelectBlur' with Shader 'UI/GradientBlurShader' doesn't have a texture property '_MainTex'
<color=#0099bc><b>DOTWEEN ► </b></color>This Tween has been killed and is now invalid
<color=#0099bc><b>DOTWEEN ► </b></color>This Tween has been killed and is now invalid
<color=#0099bc><b>DOTWEEN ► </b></color>This Tween has been killed and is now invalid
Material UIBlurHQ doesn't have _ColorMask property
Material UIBlurHQ doesn't have _ColorMask property
Material UIBlurHQ doesn't have _ColorMask property
Material UIBlurHQ doesn't have _ColorMask property
Material UIBlurHQ doesn't have _ColorMask property
Material UIBlurHQ doesn't have _ColorMask property
Material UIBlurHQ doesn't have _ColorMask property
Material UIBlurHQ doesn't have _ColorMask property
Material UIBlurHQ doesn't have _ColorMask property
Material UIBlurHQ doesn't have _ColorMask property
Material UIBlurHQ doesn't have _ColorMask property
Material UIBlurHQ doesn't have _ColorMask property
Material UIBlurHQ doesn't have _ColorMask property
Material UIBlurHQ doesn't have _ColorMask property
<color=#0099bc><b>DOTWEEN ► </b></color>This Tween has been killed and is now invalid
<color=#0099bc><b>DOTWEEN ► </b></color>This Tween has been killed and is now invalid
Material 'UIStorySelectBlur' with Shader 'UI/GradientBlurShader' doesn't have a texture property '_MainTex'
<color=#0099bc><b>DOTWEEN ► </b></color>This Tween has been killed and is now invalid
<color=#0099bc><b>DOTWEEN ► </b></color>This Tween has been killed and is now invalid
Material 'UIStorySelectBlur' with Shader 'UI/GradientBlurShader' doesn't have a texture property '_MainTex'
<color=#0099bc><b>DOTWEEN ► </b></color>This Tween has been killed and is now invalid
<color=#0099bc><b>DOTWEEN ► </b></color>This Tween has been killed and is now invalid
<color=#0099bc><b>DOTWEEN ► </b></color>This Tween has been killed and is now invalid
<color=#0099bc><b>DOTWEEN ► </b></color>This Tween has been killed and is now invalid
<color=#0099bc><b>DOTWEEN ► </b></color>This Tween has been killed and is now invalid
<color=#0099bc><b>DOTWEEN ► </b></color>This Tween has been killed and is now invalid
<color=#0099bc><b>DOTWEEN ► </b></color>This Tween has been killed and is now invalid
<color=#0099bc><b>DOTWEEN ► </b></color>This Tween has been killed and is now invalid
<color=#0099bc><b>DOTWEEN ► </b></color>This Tween has been killed and is now invalid
<color=#0099bc><b>DOTWEEN ► </b></color>This Tween has been killed and is now invalid
<color=#0099bc><b>DOTWEEN ► </b></color>This Tween has been killed and is now invalid
<color=#0099bc><b>DOTWEEN ► </b></color>This Tween has been killed and is now invalid
<color=#0099bc><b>DOTWEEN ► </b></color>This Tween has been killed and is now invalid
<color=#0099bc><b>DOTWEEN ► </b></color>This Tween has been killed and is now invalid
<color=#0099bc><b>DOTWEEN ► </b></color>This Tween has been killed and is now invalid
<color=#0099bc><b>DOTWEEN ► </b></color>This Tween has been killed and is now invalid
<color=#0099bc><b>DOTWEEN ► </b></color>This Tween has been killed and is now invalid
<color=#0099bc><b>DOTWEEN ► </b></color>This Tween has been killed and is now invalid
The character with Unicode value \u6190 was not found in the [Pretendard-SemiBold SDF] font asset or any potential fallbacks. It was replaced by Unicode character \u25A1 in text object [Text (TMP)].
<color=#0099bc><b>DOTWEEN ► </b></color>This Tween has been killed and is now invalid
<color=#0099bc><b>DOTWEEN ► </b></color>This Tween has been killed and is now invalid
<color=#0099bc><b>DOTWEEN ► </b></color>This Tween has been killed and is now invalid
<color=#0099bc><b>DOTWEEN ► </b></color>This Tween has been killed and is now invalid
<color=#0099bc><b>DOTWEEN ► </b></color>This Tween has been killed and is now invalid
The character with Unicode value \u6190 was not found in the [Pretendard-SemiBold SDF] font asset or any potential fallbacks. It was replaced by Unicode character \u25A1 in text object [Text (TMP)].
The character with Unicode value \u6190 was not found in the [Pretendard-SemiBold SDF] font asset or any potential fallbacks. It was replaced by Unicode character \u25A1 in text object [Text (TMP)].
The character with Unicode value \u6190 was not found in the [Pretendard-SemiBold SDF] font asset or any potential fallbacks. It was replaced by Unicode character \u25A1 in text object [Text (TMP)].
The character with Unicode value \u6190 was not found in the [Pretendard-SemiBold SDF] font asset or any potential fallbacks. It was replaced by Unicode character \u25A1 in text object [Text (TMP)].
The character with Unicode value \u6190 was not found in the [Pretendard-SemiBold SDF] font asset or any potential fallbacks. It was replaced by Unicode character \u25A1 in text object [Text (TMP)].
The character with Unicode value \u6190 was not found in the [Pretendard-SemiBold SDF] font asset or any potential fallbacks. It was replaced by Unicode character \u25A1 in text object [Text (TMP)].
The character with Unicode value \u6190 was not found in the [Pretendard-SemiBold SDF] font asset or any potential fallbacks. It was replaced by Unicode character \u25A1 in text object [Text (TMP)].
The character with Unicode value \u6190 was not found in the [Pretendard-SemiBold SDF] font asset or any potential fallbacks. It was replaced by Unicode character \u25A1 in text object [Text (TMP)].
The character with Unicode value \u6190 was not found in the [Pretendard-SemiBold SDF] font asset or any potential fallbacks. It was replaced by Unicode character \u25A1 in text object [Text (TMP)].
<color=#0099bc><b>DOTWEEN ► </b></color>This Tween has been killed and is now invalid
<color=#0099bc><b>DOTWEEN ► </b></color>This Tween has been killed and is now invalid
<color=#0099bc><b>DOTWEEN ► </b></color>This Tween has been killed and is now invalid
<color=#0099bc><b>DOTWEEN ► </b></color>This Tween has been killed and is now invalid
The character with Unicode value \u6190 was not found in the [Pretendard-Medium SDF] font asset or any potential fallbacks. It was replaced by Unicode character \u25A1 in text object [Text_Preview].
<color=#0099bc><b>DOTWEEN ► </b></color>This Tween has been killed and is now invalid
<color=#0099bc><b>DOTWEEN ► </b></color>This Tween has been killed and is now invalid
<color=#0099bc><b>DOTWEEN ► </b></color>This Tween has been killed and is now invalid
<color=#0099bc><b>DOTWEEN ► </b></color>This Tween has been killed and is now invalid
Material 'UIStorySelectBlur' with Shader 'UI/GradientBlurShader' doesn't have a texture property '_MainTex'
<color=#0099bc><b>DOTWEEN ► </b></color>This Tween has been killed and is now invalid
<color=#0099bc><b>DOTWEEN ► </b></color>This Tween has been killed and is now invalid
<color=#0099bc><b>DOTWEEN ► </b></color>This Tween has been killed and is now invalid
Material 'UIStorySelectBlur' with Shader 'UI/GradientBlurShader' doesn't have a texture property '_MainTex'
<color=#0099bc><b>DOTWEEN ► </b></color>This Tween has been killed and is now invalid
<color=#0099bc><b>DOTWEEN ► </b></color>This Tween has been killed and is now invalid
<color=#0099bc><b>DOTWEEN ► </b></color>This Tween has been killed and is now invalid
Material 'UIStorySelectBlur' with Shader 'UI/GradientBlurShader' doesn't have a texture property '_MainTex'
<color=#0099bc><b>DOTWEEN ► </b></color>This Tween has been killed and is now invalid
<color=#0099bc><b>DOTWEEN ► </b></color>This Tween has been killed and is now invalid
<color=#0099bc><b>DOTWEEN ► </b></color>This Tween has been killed and is now invalid
<color=#0099bc><b>DOTWEEN ► </b></color>This Tween has been killed and is now invalid
Material 'UIStorySelectBlur' with Shader 'UI/GradientBlurShader' doesn't have a texture property '_MainTex'
<color=#0099bc><b>DOTWEEN ► </b></color>This Tween has been killed and is now invalid
<color=#0099bc><b>DOTWEEN ► </b></color>Infinite loops aren't allowed inside a Sequence (only on the Sequence itself) and will be changed to int.MaxValue
<color=#0099bc><b>DOTWEEN ► </b></color>Infinite loops aren't allowed inside a Sequence (only on the Sequence itself) and will be changed to int.MaxValue
<color=#0099bc><b>DOTWEEN ► </b></color>Infinite loops aren't allowed inside a Sequence (only on the Sequence itself) and will be changed to int.MaxValue
Material UIBlurHQ doesn't have _ColorMask property
Material UIBlurHQ doesn't have _ColorMask property
Material UIBlurHQ doesn't have _ColorMask property
Material UIBlurHQ doesn't have _ColorMask property
Material UIBlurHQ doesn't have _ColorMask property
Material UIBlurHQ doesn't have _ColorMask property
Material UIBlurHQ doesn't have _ColorMask property
Material UIBlurHQ doesn't have _ColorMask property
Material UIBlurHQ doesn't have _ColorMask property
<color=#0099bc><b>DOTWEEN ► </b></color>This Tween has been killed and is now invalid
<color=#0099bc><b>DOTWEEN ► </b></color>This Tween has been killed and is now invalid
Material 'UIStorySelectBlur' with Shader 'UI/GradientBlurShader' doesn't have a texture property '_MainTex'
<color=#0099bc><b>DOTWEEN ► </b></color>This Tween has been killed and is now invalid
<color=#0099bc><b>DOTWEEN ► </b></color>This Tween has been killed and is now invalid
<color=#0099bc><b>DOTWEEN ► </b></color>This Tween has been killed and is now invalid
Material 'UIStorySelectBlur' with Shader 'UI/GradientBlurShader' doesn't have a texture property '_MainTex'
<color=#0099bc><b>DOTWEEN ► </b></color>This Tween has been killed and is now invalid
<color=#0099bc><b>DOTWEEN ► </b></color>This Tween has been killed and is now invalid
<color=#0099bc><b>DOTWEEN ► </b></color>This Tween has been killed and is now invalid
<color=#0099bc><b>DOTWEEN ► </b></color>This Tween has been killed and is now invalid
Material 'UIStorySelectBlur' with Shader 'UI/GradientBlurShader' doesn't have a texture property '_MainTex'
<color=#0099bc><b>DOTWEEN ► </b></color>This Tween has been killed and is now invalid
<color=#0099bc><b>DOTWEEN ► </b></color>This Tween has been killed and is now invalid
<color=#0099bc><b>DOTWEEN ► </b></color>This Tween has been killed and is now invalid
<color=#0099bc><b>DOTWEEN ► </b></color>This Tween has been killed and is now invalid
Material 'UIStorySelectBlur' with Shader 'UI/GradientBlurShader' doesn't have a texture property '_MainTex'
<color=#0099bc><b>DOTWEEN ► </b></color>This Tween has been killed and is now invalid
<color=#0099bc><b>DOTWEEN ► </b></color>This Tween has been killed and is now invalid
<color=#0099bc><b>DOTWEEN ► </b></color>Infinite loops aren't allowed inside a Sequence (only on the Sequence itself) and will be changed to int.MaxValue
<color=#0099bc><b>DOTWEEN ► </b></color>Infinite loops aren't allowed inside a Sequence (only on the Sequence itself) and will be changed to int.MaxValue
<color=#0099bc><b>DOTWEEN ► </b></color>Infinite loops aren't allowed inside a Sequence (only on the Sequence itself) and will be changed to int.MaxValue
Material UIBlurHQ doesn't have _ColorMask property
Material UIBlurHQ doesn't have _ColorMask property
Material UIBlurHQ doesn't have _ColorMask property
Material UIBlurHQ doesn't have _ColorMask property
Material UIBlurHQ doesn't have _ColorMask property
Material UIBlurHQ doesn't have _ColorMask property
<color=#0099bc><b>DOTWEEN ► </b></color>This Tween has been killed and is now invalid
<color=#0099bc><b>DOTWEEN ► </b></color>This Tween has been killed and is now invalid
Material 'UIStorySelectBlur' with Shader 'UI/GradientBlurShader' doesn't have a texture property '_MainTex'
<color=#0099bc><b>DOTWEEN ► </b></color>This Tween has been killed and is now invalid
<color=#0099bc><b>DOTWEEN ► </b></color>This Tween has been killed and is now invalid
<color=#0099bc><b>DOTWEEN ► </b></color>This Tween has been killed and is now invalid
<color=#0099bc><b>DOTWEEN ► </b></color>This Tween has been killed and is now invalid
Material 'UIStorySelectBlur' with Shader 'UI/GradientBlurShader' doesn't have a texture property '_MainTex'
<color=#0099bc><b>DOTWEEN ► </b></color>This Tween has been killed and is now invalid
<color=#0099bc><b>DOTWEEN ► </b></color>This Tween has been killed and is now invalid
<color=#0099bc><b>DOTWEEN ► </b></color>This Tween has been killed and is now invalid
Material 'UIStorySelectBlur' with Shader 'UI/GradientBlurShader' doesn't have a texture property '_MainTex'
<color=#0099bc><b>DOTWEEN ► </b></color>This Tween has been killed and is now invalid
<color=#0099bc><b>DOTWEEN ► </b></color>This Tween has been killed and is now invalid
<color=#0099bc><b>DOTWEEN ► </b></color>Infinite loops aren't allowed inside a Sequence (only on the Sequence itself) and will be changed to int.MaxValue
<color=#0099bc><b>DOTWEEN ► </b></color>Infinite loops aren't allowed inside a Sequence (only on the Sequence itself) and will be changed to int.MaxValue
<color=#0099bc><b>DOTWEEN ► </b></color>Infinite loops aren't allowed inside a Sequence (only on the Sequence itself) and will be changed to int.MaxValue
Material UIBlurHQ doesn't have _ColorMask property
Material UIBlurHQ doesn't have _ColorMask property
Material UIBlurHQ doesn't have _ColorMask property
Material UIBlurHQ doesn't have _ColorMask property
Material UIBlurHQ doesn't have _ColorMask property
Parent of RectTransform is being set with parent property. Consider using the SetParent method instead, with the worldPositionStays argument set to false. This will retain local orientation and scale rather than world orientation and scale, which can prevent common UI scaling issues.
Unloading 1 Unused Serialized files (Serialized files now loaded: 0)
Unloading 2678 unused Assets to reduce memory usage. Loaded Objects now: 17806.
Total: 13.018200 ms (FindLiveObjects: 1.874600 ms CreateObjectMapping: 0.505400 ms MarkObjects: 7.470400 ms  DeleteObjects: 3.167300 ms)

Parent of RectTransform is being set with parent property. Consider using the SetParent method instead, with the worldPositionStays argument set to false. This will retain local orientation and scale rather than world orientation and scale, which can prevent common UI scaling issues.
Unloading 0 Unused Serialized files (Serialized files now loaded: 0)
Unloading 89 unused Assets to reduce memory usage. Loaded Objects now: 17260.
Total: 12.870600 ms (FindLiveObjects: 1.404600 ms CreateObjectMapping: 0.260500 ms MarkObjects: 11.074900 ms  DeleteObjects: 0.130000 ms)

<color=#0099bc><b>DOTWEEN ► </b></color>Infinite loops aren't allowed inside a Sequence (only on the Sequence itself) and will be changed to int.MaxValue
<color=#0099bc><b>DOTWEEN ► </b></color>Infinite loops aren't allowed inside a Sequence (only on the Sequence itself) and will be changed to int.MaxValue
<color=#0099bc><b>DOTWEEN ► </b></color>Infinite loops aren't allowed inside a Sequence (only on the Sequence itself) and will be changed to int.MaxValue
Material UIBlurHQ doesn't have _ColorMask property
Material UIBlurHQ doesn't have _ColorMask property
Material UIBlurHQ doesn't have _ColorMask property
Material UIBlurHQ doesn't have _ColorMask property
Material UIBlurHQ doesn't have _ColorMask property
<color=#0099bc><b>DOTWEEN ► </b></color>This Tween has been killed and is now invalid
<color=#0099bc><b>DOTWEEN ► </b></color>This Tween has been killed and is now invalid
Material 'UIStorySelectBlur' with Shader 'UI/GradientBlurShader' doesn't have a texture property '_MainTex'
<color=#0099bc><b>DOTWEEN ► </b></color>This Tween has been killed and is now invalid
<color=#0099bc><b>DOTWEEN ► </b></color>This Tween has been killed and is now invalid
<color=#0099bc><b>DOTWEEN ► </b></color>This Tween has been killed and is now invalid
Material 'UIStorySelectBlur' with Shader 'UI/GradientBlurShader' doesn't have a texture property '_MainTex'
AudioSampleProvider buffer overflow. 1312 sample frames discarded.
AudioSampleProvider buffer overflow. 1312 sample frames discarded.
AudioSampleProvider buffer overflow. 1312 sample frames discarded.
AudioSampleProvider buffer overflow. 1728 sample frames discarded.
AudioSampleProvider buffer overflow. 1728 sample frames discarded.
AudioSampleProvider buffer overflow. 1728 sample frames discarded.
AudioSampleProvider buffer overflow. 3776 sample frames discarded.
AudioSampleProvider buffer overflow. 3776 sample frames discarded.
AudioSampleProvider buffer overflow. 3776 sample frames discarded.
AudioSampleProvider buffer overflow. 2752 sample frames discarded.
AudioSampleProvider buffer overflow. 2752 sample frames discarded.
AudioSampleProvider buffer overflow. 2752 sample frames discarded.
AudioSampleProvider buffer overflow. 384 sample frames discarded.
AudioSampleProvider buffer overflow. 384 sample frames discarded.
AudioSampleProvider buffer overflow. 384 sample frames discarded.
AudioSampleProvider buffer overflow. 704 sample frames discarded.
AudioSampleProvider buffer overflow. 704 sample frames discarded.
AudioSampleProvider buffer overflow. 704 sample frames discarded.
AudioSampleProvider buffer overflow. 384 sample frames discarded.
AudioSampleProvider buffer overflow. 384 sample frames discarded.
AudioSampleProvider buffer overflow. 384 sample frames discarded.
AudioSampleProvider buffer overflow. 560 sample frames discarded.
AudioSampleProvider buffer overflow. 560 sample frames discarded.
AudioSampleProvider buffer overflow. 560 sample frames discarded.
<color=#0099bc><b>DOTWEEN ► </b></color>This Tween has been killed and is now invalid
<color=#0099bc><b>DOTWEEN ► </b></color>This Tween has been killed and is now invalid
<color=#0099bc><b>DOTWEEN ► </b></color>Infinite loops aren't allowed inside a Sequence (only on the Sequence itself) and will be changed to int.MaxValue
<color=#0099bc><b>DOTWEEN ► </b></color>Infinite loops aren't allowed inside a Sequence (only on the Sequence itself) and will be changed to int.MaxValue
<color=#0099bc><b>DOTWEEN ► </b></color>Infinite loops aren't allowed inside a Sequence (only on the Sequence itself) and will be changed to int.MaxValue
Material UIBlurHQ doesn't have _ColorMask property
Material UIBlurHQ doesn't have _ColorMask property
Material UIBlurHQ doesn't have _ColorMask property
Material UIBlurHQ doesn't have _ColorMask property
Material UIBlurHQ doesn't have _ColorMask property
Material UIBlurHQ doesn't have _ColorMask property
Material UIBlurHQ doesn't have _ColorMask property
Material UIBlurHQ doesn't have _ColorMask property
Material UIBlurHQ doesn't have _ColorMask property
Material UIBlurHQ doesn't have _ColorMask property
Material UIBlurHQ doesn't have _ColorMask property
<color=#0099bc><b>DOTWEEN ► </b></color>This Tween has been killed and is now invalid
<color=#0099bc><b>DOTWEEN ► </b></color>This Tween has been killed and is now invalid
Material 'UIStorySelectBlur' with Shader 'UI/GradientBlurShader' doesn't have a texture property '_MainTex'
<color=#0099bc><b>DOTWEEN ► </b></color>This Tween has been killed and is now invalid
<color=#0099bc><b>DOTWEEN ► </b></color>This Tween has been killed and is now invalid
<color=#0099bc><b>DOTWEEN ► </b></color>Infinite loops aren't allowed inside a Sequence (only on the Sequence itself) and will be changed to int.MaxValue
<color=#0099bc><b>DOTWEEN ► </b></color>Infinite loops aren't allowed inside a Sequence (only on the Sequence itself) and will be changed to int.MaxValue
<color=#0099bc><b>DOTWEEN ► </b></color>Infinite loops aren't allowed inside a Sequence (only on the Sequence itself) and will be changed to int.MaxValue
Material UIBlurHQ doesn't have _ColorMask property
Material UIBlurHQ doesn't have _ColorMask property
Material UIBlurHQ doesn't have _ColorMask property
Material UIBlurHQ doesn't have _ColorMask property
Material UIBlurHQ doesn't have _ColorMask property
Material UIBlurHQ doesn't have _ColorMask property
Material UIBlurHQ doesn't have _ColorMask property
Material UIBlurHQ doesn't have _ColorMask property
Material UIBlurHQ doesn't have _ColorMask property
Material UIBlurHQ doesn't have _ColorMask property
Material UIBlurHQ doesn't have _ColorMask property
<color=#0099bc><b>DOTWEEN ► </b></color>This Tween has been killed and is now invalid
<color=#0099bc><b>DOTWEEN ► </b></color>This Tween has been killed and is now invalid
Material 'UIStorySelectBlur' with Shader 'UI/GradientBlurShader' doesn't have a texture property '_MainTex'
<color=#0099bc><b>DOTWEEN ► </b></color>This Tween has been killed and is now invalid
<color=#0099bc><b>DOTWEEN ► </b></color>This Tween has been killed and is now invalid
<color=#0099bc><b>DOTWEEN ► </b></color>This Tween has been killed and is now invalid
<color=#0099bc><b>DOTWEEN ► </b></color>This Tween has been killed and is now invalid
Material 'UIStorySelectBlur' with Shader 'UI/GradientBlurShader' doesn't have a texture property '_MainTex'
<color=#0099bc><b>DOTWEEN ► </b></color>This Tween has been killed and is now invalid
<color=#0099bc><b>DOTWEEN ► </b></color>This Tween has been killed and is now invalid
<color=#0099bc><b>DOTWEEN ► </b></color>This Tween has been killed and is now invalid
Material 'UIStorySelectBlur' with Shader 'UI/GradientBlurShader' doesn't have a texture property '_MainTex'
<color=#0099bc><b>DOTWEEN ► </b></color>This Tween has been killed and is now invalid
<color=#0099bc><b>DOTWEEN ► </b></color>This Tween has been killed and is now invalid
<color=#0099bc><b>DOTWEEN ► </b></color>This Tween has been killed and is now invalid
<color=#0099bc><b>DOTWEEN ► </b></color>This Tween has been killed and is now invalid
Material 'UIStorySelectBlur' with Shader 'UI/GradientBlurShader' doesn't have a texture property '_MainTex'
<color=#0099bc><b>DOTWEEN ► </b></color>This Tween has been killed and is now invalid
<color=#0099bc><b>DOTWEEN ► </b></color>This Tween has been killed and is now invalid
<color=#0099bc><b>DOTWEEN ► </b></color>This Tween has been killed and is now invalid
<color=#0099bc><b>DOTWEEN ► </b></color>This Tween has been killed and is now invalid
Material 'UIStorySelectBlur' with Shader 'UI/GradientBlurShader' doesn't have a texture property '_MainTex'
<color=#0099bc><b>DOTWEEN ► </b></color>This Tween has been killed and is now invalid
<color=#0099bc><b>DOTWEEN ► </b></color>This Tween has been killed and is now invalid
<color=#0099bc><b>DOTWEEN ► </b></color>This Tween has been killed and is now invalid
<color=#0099bc><b>DOTWEEN ► </b></color>This Tween has been killed and is now invalid
<color=#0099bc><b>DOTWEEN ► </b></color>This Tween has been killed and is now invalid
Material 'UIStorySelectBlur' with Shader 'UI/GradientBlurShader' doesn't have a texture property '_MainTex'
<color=#0099bc><b>DOTWEEN ► </b></color>This Tween has been killed and is now invalid
<color=#0099bc><b>DOTWEEN ► </b></color>This Tween has been killed and is now invalid
<color=#0099bc><b>DOTWEEN ► </b></color>This Tween has been killed and is now invalid
The character with Unicode value \u6A02 was not found in the [Pretendard-Medium SDF] font asset or any potential fallbacks. It was replaced by Unicode character \u25A1 in text object [Text (TMP)].
The character with Unicode value \u6A02 was not found in the [Pretendard-Medium SDF] font asset or any potential fallbacks. It was replaced by Unicode character \u25A1 in text object [Text (TMP)].
<color=#0099bc><b>DOTWEEN ► </b></color>This Tween has been killed and is now invalid
<color=#0099bc><b>DOTWEEN ► </b></color>This Tween has been killed and is now invalid
Material 'UIStorySelectBlur' with Shader 'UI/GradientBlurShader' doesn't have a texture property '_MainTex'
<color=#0099bc><b>DOTWEEN ► </b></color>This Tween has been killed and is now invalid
<color=#0099bc><b>DOTWEEN ► </b></color>This Tween has been killed and is now invalid
<color=#0099bc><b>DOTWEEN ► </b></color>This Tween has been killed and is now invalid
Material 'UIStorySelectBlur' with Shader 'UI/GradientBlurShader' doesn't have a texture property '_MainTex'
<color=#0099bc><b>DOTWEEN ► </b></color>This Tween has been killed and is now invalid
<color=#0099bc><b>DOTWEEN ► </b></color>This Tween has been killed and is now invalid
<color=#0099bc><b>DOTWEEN ► </b></color>This Tween has been killed and is now invalid
<color=#0099bc><b>DOTWEEN ► </b></color>This Tween has been killed and is now invalid
Material 'UIStorySelectBlur' with Shader 'UI/GradientBlurShader' doesn't have a texture property '_MainTex'
<color=#0099bc><b>DOTWEEN ► </b></color>This Tween has been killed and is now invalid
<color=#0099bc><b>DOTWEEN ► </b></color>This Tween has been killed and is now invalid
<color=#0099bc><b>DOTWEEN ► </b></color>This Tween has been killed and is now invalid
<color=#0099bc><b>DOTWEEN ► </b></color>This Tween has been killed and is now invalid
<color=#0099bc><b>DOTWEEN ► </b></color>This Tween has been killed and is now invalid
<color=#0099bc><b>DOTWEEN ► </b></color>This Tween has been killed and is now invalid
<color=#0099bc><b>DOTWEEN ► </b></color>This Tween has been killed and is now invalid
Material 'UIStorySelectBlur' with Shader 'UI/GradientBlurShader' doesn't have a texture property '_MainTex'
<color=#0099bc><b>DOTWEEN ► </b></color>This Tween has been killed and is now invalid
<color=#0099bc><b>DOTWEEN ► </b></color>This Tween has been killed and is now invalid
<color=#0099bc><b>DOTWEEN ► </b></color>This Tween has been killed and is now invalid
<color=#0099bc><b>DOTWEEN ► </b></color>This Tween has been killed and is now invalid
Material 'UIStorySelectBlur' with Shader 'UI/GradientBlurShader' doesn't have a texture property '_MainTex'
<color=#0099bc><b>DOTWEEN ► </b></color>This Tween has been killed and is now invalid
<color=#0099bc><b>DOTWEEN ► </b></color>This Tween has been killed and is now invalid
<color=#0099bc><b>DOTWEEN ► </b></color>This Tween has been killed and is now invalid
<color=#0099bc><b>DOTWEEN ► </b></color>This Tween has been killed and is now invalid
<color=#0099bc><b>DOTWEEN ► </b></color>This Tween has been killed and is now invalid
<color=#0099bc><b>DOTWEEN ► </b></color>This Tween has been killed and is now invalid
<color=#0099bc><b>DOTWEEN ► </b></color>This Tween has been killed and is now invalid
Coroutine couldn't be started because the the game object 'UIStoryObject(Clone)' is inactive!
Setting up 10 worker threads for Enlighten.
Memory Statistics:
[ALLOC_TEMP_TLS] TLS Allocator
  StackAllocators : 
    [ALLOC_TEMP_MAIN]
      Peak usage frame count: [0-1.0 KB]: 12312 frames, [1.0 KB-2.0 KB]: 1 frames, [4.0 KB-8.0 KB]: 98531 frames, [8.0 KB-16.0 KB]: 92 frames, [16.0 KB-32.0 KB]: 34170 frames, [32.0 KB-64.0 KB]: 36227 frames, [64.0 KB-128.0 KB]: 17 frames, [128.0 KB-256.0 KB]: 4 frames, [256.0 KB-0.5 MB]: 230 frames, [1.0 MB-2.0 MB]: 1 frames, [2.0 MB-4.0 MB]: 10 frames
      Initial Block Size 4.0 MB
      Current Block Size 4.0 MB
      Peak Allocated Bytes 2.6 MB
      Overflow Count 0
    [ALLOC_TEMP_Background Job.worker 4]
      Initial Block Size 32.0 KB
      Current Block Size 32.0 KB
      Peak Allocated Bytes 54 B
      Overflow Count 0
    [ALLOC_TEMP_Loading.PreloadManager]
      Initial Block Size 256.0 KB
      Current Block Size 296.0 KB
      Peak Allocated Bytes 290.4 KB
      Overflow Count 4
    [ALLOC_TEMP_Background Job.worker 3]
      Initial Block Size 32.0 KB
      Current Block Size 32.0 KB
      Peak Allocated Bytes 159 B
      Overflow Count 0
    [ALLOC_TEMP_Background Job.worker 11]
      Initial Block Size 32.0 KB
      Current Block Size 32.0 KB
      Peak Allocated Bytes 54 B
      Overflow Count 0
    [ALLOC_TEMP_Job.worker 16]
      Initial Block Size 256.0 KB
      Current Block Size 256.0 KB
      Peak Allocated Bytes 46.2 KB
      Overflow Count 0
    [ALLOC_TEMP_Background Job.worker 7]
      Initial Block Size 32.0 KB
      Current Block Size 32.0 KB
      Peak Allocated Bytes 54 B
      Overflow Count 0
    [ALLOC_TEMP_Background Job.worker 6]
      Initial Block Size 32.0 KB
      Current Block Size 32.0 KB
      Peak Allocated Bytes 54 B
      Overflow Count 0
    [ALLOC_TEMP_Background Job.worker 12]
      Initial Block Size 32.0 KB
      Current Block Size 32.0 KB
      Peak Allocated Bytes 54 B
      Overflow Count 0
    [ALLOC_TEMP_Background Job.worker 2]
      Initial Block Size 32.0 KB
      Current Block Size 32.0 KB
      Peak Allocated Bytes 159 B
      Overflow Count 0
    [ALLOC_TEMP_Background Job.worker 10]
      Initial Block Size 32.0 KB
      Current Block Size 32.0 KB
      Peak Allocated Bytes 54 B
      Overflow Count 0
    [ALLOC_TEMP_Background Job.worker 15]
      Initial Block Size 32.0 KB
      Current Block Size 32.0 KB
      Peak Allocated Bytes 54 B
      Overflow Count 0
    [ALLOC_TEMP_Job.worker 5]
      Initial Block Size 256.0 KB
      Current Block Size 256.0 KB
      Peak Allocated Bytes 51.2 KB
      Overflow Count 0
    [ALLOC_TEMP_Background Job.worker 8]
      Initial Block Size 32.0 KB
      Current Block Size 32.0 KB
      Peak Allocated Bytes 54 B
      Overflow Count 0
    [ALLOC_TEMP_Background Job.worker 13]
      Initial Block Size 32.0 KB
      Current Block Size 32.0 KB
      Peak Allocated Bytes 54 B
      Overflow Count 0
    [ALLOC_TEMP_AssetGarbageCollectorHelper] x 19
      Initial Block Size 64.0 KB
      Current Block Size 64.0 KB
      Peak Allocated Bytes 138 B
      Overflow Count 0
    [ALLOC_TEMP_Background Job.worker 0]
      Initial Block Size 32.0 KB
      Current Block Size 32.0 KB
      Peak Allocated Bytes 54 B
      Overflow Count 0
    [ALLOC_TEMP_Job.worker 6]
      Initial Block Size 256.0 KB
      Current Block Size 256.0 KB
      Peak Allocated Bytes 51.2 KB
      Overflow Count 0
    [ALLOC_TEMP_Job.worker 8]
      Initial Block Size 256.0 KB
      Current Block Size 256.0 KB
      Peak Allocated Bytes 51.2 KB
      Overflow Count 0
    [ALLOC_TEMP_HIDInput]
      Initial Block Size 64.0 KB
      Current Block Size 64.0 KB
      Peak Allocated Bytes 10.8 KB
      Overflow Count 0
    [ALLOC_TEMP_Background Job.worker 14]
      Initial Block Size 32.0 KB
      Current Block Size 32.0 KB
      Peak Allocated Bytes 54 B
      Overflow Count 0
    [ALLOC_TEMP_BatchDeleteObjects]
      Initial Block Size 64.0 KB
      Current Block Size 64.0 KB
      Peak Allocated Bytes 54 B
      Overflow Count 0
    [ALLOC_TEMP_Job.worker 11]
      Initial Block Size 256.0 KB
      Current Block Size 256.0 KB
      Peak Allocated Bytes 51.2 KB
      Overflow Count 0
    [ALLOC_TEMP_Job.worker 15]
      Initial Block Size 256.0 KB
      Current Block Size 256.0 KB
      Peak Allocated Bytes 50.1 KB
      Overflow Count 0
    [ALLOC_TEMP_Background Job.worker 9]
      Initial Block Size 32.0 KB
      Current Block Size 32.0 KB
      Peak Allocated Bytes 54 B
      Overflow Count 0
    [ALLOC_TEMP_Job.worker 0]
      Initial Block Size 256.0 KB
      Current Block Size 256.0 KB
      Peak Allocated Bytes 51.1 KB
      Overflow Count 0
    [ALLOC_TEMP_Job.worker 14]
      Initial Block Size 256.0 KB
      Current Block Size 256.0 KB
      Peak Allocated Bytes 51.2 KB
      Overflow Count 0
    [ALLOC_TEMP_Job.worker 4]
      Initial Block Size 256.0 KB
      Current Block Size 256.0 KB
      Peak Allocated Bytes 51.2 KB
      Overflow Count 0
    [ALLOC_TEMP_Job.worker 13]
      Initial Block Size 256.0 KB
      Current Block Size 256.0 KB
      Peak Allocated Bytes 51.2 KB
      Overflow Count 0
    [ALLOC_TEMP_Background Job.worker 1]
      Initial Block Size 32.0 KB
      Current Block Size 32.0 KB
      Peak Allocated Bytes 0.6 KB
      Overflow Count 0
    [ALLOC_TEMP_EnlightenWorker] x 10
      Initial Block Size 64.0 KB
      Current Block Size 64.0 KB
      Peak Allocated Bytes 54 B
      Overflow Count 0
    [ALLOC_TEMP_Job.worker 1]
      Initial Block Size 256.0 KB
      Current Block Size 256.0 KB
      Peak Allocated Bytes 51.3 KB
      Overflow Count 0
    [ALLOC_TEMP_Job.worker 3]
      Initial Block Size 256.0 KB
      Current Block Size 256.0 KB
      Peak Allocated Bytes 51.3 KB
      Overflow Count 0
    [ALLOC_TEMP_Background Job.worker 5]
      Initial Block Size 32.0 KB
      Current Block Size 32.0 KB
      Peak Allocated Bytes 54 B
      Overflow Count 0
    [ALLOC_TEMP_Job.worker 12]
      Initial Block Size 256.0 KB
      Current Block Size 256.0 KB
      Peak Allocated Bytes 51.1 KB
      Overflow Count 0
    [ALLOC_TEMP_UnityGfxDeviceWorker]
      Initial Block Size 256.0 KB
      Current Block Size 256.0 KB
      Peak Allocated Bytes 16.3 KB
      Overflow Count 0
    [ALLOC_TEMP_Job.worker 2]
      Initial Block Size 256.0 KB
      Current Block Size 256.0 KB
      Peak Allocated Bytes 51.2 KB
      Overflow Count 0
    [ALLOC_TEMP_Job.worker 10]
      Initial Block Size 256.0 KB
      Current Block Size 256.0 KB
      Peak Allocated Bytes 51.2 KB
      Overflow Count 0
    [ALLOC_TEMP_Job.worker 7]
      Initial Block Size 256.0 KB
      Current Block Size 256.0 KB
      Peak Allocated Bytes 51.2 KB
      Overflow Count 0
    [ALLOC_TEMP_Job.worker 17]
      Initial Block Size 256.0 KB
      Current Block Size 256.0 KB
      Peak Allocated Bytes 47.7 KB
      Overflow Count 0
    [ALLOC_TEMP_Job.worker 9]
      Initial Block Size 256.0 KB
      Current Block Size 256.0 KB
      Peak Allocated Bytes 51.2 KB
      Overflow Count 0
    [ALLOC_TEMP_Job.worker 18]
      Initial Block Size 256.0 KB
      Current Block Size 256.0 KB
      Peak Allocated Bytes 51.2 KB
      Overflow Count 0
    [ALLOC_TEMP_Loading.AsyncRead]
      Initial Block Size 64.0 KB
      Current Block Size 64.0 KB
      Peak Allocated Bytes 256 B
      Overflow Count 0
[ALLOC_DEFAULT] Dual Thread Allocator
  Peak main deferred allocation count 3448
    [ALLOC_BUCKET]
      Large Block size 4.0 MB
      Used Block count 1
      Peak Allocated bytes 4.0 MB
      Failed Allocations. Bucket layout:
        16B: 13 Subsections = 13312 buckets. Failed count: 20215
        32B: 23 Subsections = 11776 buckets. Failed count: 394163
        48B: 40 Subsections = 13653 buckets. Failed count: 1102977
        64B: 41 Subsections = 10496 buckets. Failed count: 78433
        80B: 28 Subsections = 5734 buckets. Failed count: 0
        96B: 28 Subsections = 4778 buckets. Failed count: 0
        112B: 37 Subsections = 5412 buckets. Failed count: 56
        128B: 46 Subsections = 5888 buckets. Failed count: 4167
    [ALLOC_DEFAULT_MAIN]
      Peak usage frame count: [16.0 MB-32.0 MB]: 656 frames, [32.0 MB-64.0 MB]: 91 frames, [64.0 MB-128.0 MB]: 180848 frames
      Requested Block Size 16.0 MB
      Peak Block count 3
      Peak Allocated memory 97.7 MB
      Peak Large allocation bytes 73.4 MB
    [ALLOC_DEFAULT_THREAD]
      Peak usage frame count: [16.0 MB-32.0 MB]: 181594 frames, [64.0 MB-128.0 MB]: 1 frames
      Requested Block Size 16.0 MB
      Peak Block count 1
      Peak Allocated memory 70.2 MB
      Peak Large allocation bytes 64.0 MB
[ALLOC_TEMP_JOB_1_FRAME]
  Initial Block Size 2.0 MB
  Used Block Count 0
  Overflow Count (too large) 0
  Overflow Count (full) 0
[ALLOC_TEMP_JOB_2_FRAMES]
  Initial Block Size 2.0 MB
  Used Block Count 0
  Overflow Count (too large) 0
  Overflow Count (full) 0
[ALLOC_TEMP_JOB_4_FRAMES (JobTemp)]
  Initial Block Size 2.0 MB
  Used Block Count 1
  Overflow Count (too large) 0
  Overflow Count (full) 0
[ALLOC_TEMP_JOB_ASYNC (Background)]
  Initial Block Size 1.0 MB
  Used Block Count 1
  Overflow Count (too large) 0
  Overflow Count (full) 0
[ALLOC_GFX] Dual Thread Allocator
  Peak main deferred allocation count 23
    [ALLOC_BUCKET]
      Large Block size 4.0 MB
      Used Block count 1
      Peak Allocated bytes 4.0 MB
      Failed Allocations. Bucket layout:
        16B: 13 Subsections = 13312 buckets. Failed count: 20215
        32B: 23 Subsections = 11776 buckets. Failed count: 394163
        48B: 40 Subsections = 13653 buckets. Failed count: 1102977
        64B: 41 Subsections = 10496 buckets. Failed count: 78433
        80B: 28 Subsections = 5734 buckets. Failed count: 0
        96B: 28 Subsections = 4778 buckets. Failed count: 0
        112B: 37 Subsections = 5412 buckets. Failed count: 56
        128B: 46 Subsections = 5888 buckets. Failed count: 4167
    [ALLOC_GFX_MAIN]
      Peak usage frame count: [64.0 KB-128.0 KB]: 1 frames, [256.0 MB-0.50 GB]: 181594 frames
      Requested Block Size 16.0 MB
      Peak Block count 1
      Peak Allocated memory 257.5 MB
      Peak Large allocation bytes 256.0 MB
    [ALLOC_GFX_THREAD]
      Peak usage frame count: [1.0 KB-2.0 KB]: 1 frames, [256.0 KB-0.5 MB]: 181594 frames
      Requested Block Size 16.0 MB
      Peak Block count 1
      Peak Allocated memory 395.1 KB
      Peak Large allocation bytes 0 B
[ALLOC_CACHEOBJECTS] Dual Thread Allocator
  Peak main deferred allocation count 1481
    [ALLOC_BUCKET]
      Large Block size 4.0 MB
      Used Block count 1
      Peak Allocated bytes 4.0 MB
      Failed Allocations. Bucket layout:
        16B: 13 Subsections = 13312 buckets. Failed count: 20215
        32B: 23 Subsections = 11776 buckets. Failed count: 394163
        48B: 40 Subsections = 13653 buckets. Failed count: 1102977
        64B: 41 Subsections = 10496 buckets. Failed count: 78433
        80B: 28 Subsections = 5734 buckets. Failed count: 0
        96B: 28 Subsections = 4778 buckets. Failed count: 0
        112B: 37 Subsections = 5412 buckets. Failed count: 56
        128B: 46 Subsections = 5888 buckets. Failed count: 4167
    [ALLOC_CACHEOBJECTS_MAIN]
      Peak usage frame count: [2.0 MB-4.0 MB]: 1 frames, [16.0 MB-32.0 MB]: 181594 frames
      Requested Block Size 4.0 MB
      Peak Block count 3
      Peak Allocated memory 26.6 MB
      Peak Large allocation bytes 16.8 MB
    [ALLOC_CACHEOBJECTS_THREAD]
      Peak usage frame count: [8.0 MB-16.0 MB]: 181594 frames, [16.0 MB-32.0 MB]: 1 frames
      Requested Block Size 4.0 MB
      Peak Block count 6
      Peak Allocated memory 27.8 MB
      Peak Large allocation bytes 8.0 MB
[ALLOC_TYPETREE] Dual Thread Allocator
  Peak main deferred allocation count 0
    [ALLOC_BUCKET]
      Large Block size 4.0 MB
      Used Block count 1
      Peak Allocated bytes 4.0 MB
      Failed Allocations. Bucket layout:
        16B: 13 Subsections = 13312 buckets. Failed count: 20215
        32B: 23 Subsections = 11776 buckets. Failed count: 394163
        48B: 40 Subsections = 13653 buckets. Failed count: 1102977
        64B: 41 Subsections = 10496 buckets. Failed count: 78433
        80B: 28 Subsections = 5734 buckets. Failed count: 0
        96B: 28 Subsections = 4778 buckets. Failed count: 0
        112B: 37 Subsections = 5412 buckets. Failed count: 56
        128B: 46 Subsections = 5888 buckets. Failed count: 4167
    [ALLOC_TYPETREE_MAIN]
      Peak usage frame count: [4.0 KB-8.0 KB]: 1 frames, [32.0 KB-64.0 KB]: 181594 frames
      Requested Block Size 2.0 MB
      Peak Block count 1
      Peak Allocated memory 34.4 KB
      Peak Large allocation bytes 0 B
    [ALLOC_TYPETREE_THREAD]
      Peak usage frame count: [8.0 KB-16.0 KB]: 181595 frames
      Requested Block Size 2.0 MB
      Peak Block count 1
      Peak Allocated memory 13.2 KB
      Peak Large allocation bytes 0 B
